Sun May 3 14:17:14 2015: Bound to ::
Sun May 3 14:17:14 2015: Cannot bind to port 0.0.0.0:6881 : Address already in use
Sun May 3 14:17:14 2015: Encoding : UTF-8
Sun May 3 14:17:14 2015: Selected tracker http://hudbt.hust.edu.cn/announce.php?passkey=10c026186268bd94d3b9aca971e61ee3 (tier = 1)
Sun May 3 14:17:14 2015: Switching to tracker http://hudbt.hust.edu.cn/announce.php?passkey=10c026186268bd94d3b9aca971e61ee3
Sun May 3 14:17:14 2015: Cannot open /home/fighting/.kde/share/apps/kget/tmp/[HUDBT].宋冬野 - 安和桥北 2013 - FLAC 分轨/webseeds to load webseeds
Sun May 3 14:17:14 2015: Pre-allocating diskspace
Sun May 3 14:17:14 2015: Preallocating file /home/fighting/Downloads/宋冬野 - 安和桥北 2013 - FLAC 分轨/01 给抱着盒子的姑娘.flac (11776076 bytes)
Sun May 3 14:17:14 2015: file_size = 11776076
Sun May 3 14:17:14 2015: Preallocating file /home/fighting/Downloads/宋冬野 - 安和桥北 2013 - FLAC 分轨/02 莉莉安.flac (27994136 bytes)
Sun May 3 14:17:14 2015: file_size = 27994136
Sun May 3 14:17:14 2015: Preallocating file /home/fighting/Downloads/宋冬野 - 安和桥北 2013 - FLAC 分轨/03 鸽子.flac (27406013 bytes)
Sun May 3 14:17:14 2015: file_size = 27406013
Sun May 3 14:17:14 2015: Preallocating file /home/fighting/Downloads/宋冬野 - 安和桥北 2013 - FLAC 分轨/04 董小姐.flac (33859886 bytes)
Sun May 3 14:17:14 2015: file_size = 33859886
Sun May 3 14:17:14 2015: Preallocating file /home/fighting/Downloads/宋冬野 - 安和桥北 2013 - FLAC 分轨/05 斑马斑马.flac (27833924 bytes)
Sun May 3 14:17:14 2015: file_size = 27833924
Sun May 3 14:17:14 2015: Preallocating file /home/fighting/Downloads/宋冬野 - 安和桥北 2013 - FLAC 分轨/06 梦遗少年.flac (32128196 bytes)
Sun May 3 14:17:14 2015: file_size = 32128196
Sun May 3 14:17:14 2015: Preallocating file /home/fighting/Downloads/宋冬野 - 安和桥北 2013 - FLAC 分轨/07 六层楼.flac (25161899 bytes)
Sun May 3 14:17:14 2015: file_size = 25161899
Sun May 3 14:17:14 2015: Preallocating file /home/fighting/Downloads/宋冬野 - 安和桥北 2013 - FLAC 分轨/08 关忆北.flac (32345778 bytes)
Sun May 3 14:17:14 2015: file_size = 32345778
Sun May 3 14:17:14 2015: Preallocating file /home/fighting/Downloads/宋冬野 - 安和桥北 2013 - FLAC 分轨/09 卡比巴拉的湾.flac (27015062 bytes)
Sun May 3 14:17:14 2015: file_size = 27015062
Sun May 3 14:17:14 2015: Preallocating file /home/fighting/Downloads/宋冬野 - 安和桥北 2013 - FLAC 分轨/10 连衣裙.flac (33110576 bytes)
Sun May 3 14:17:14 2015: file_size = 33110576
Sun May 3 14:17:14 2015: Preallocating file /home/fighting/Downloads/宋冬野 - 安和桥北 2013 - FLAC 分轨/11 安和桥.flac (26964033 bytes)
Sun May 3 14:17:14 2015: file_size = 26964033
Sun May 3 14:17:14 2015: Preallocating file /home/fighting/Downloads/宋冬野 - 安和桥北 2013 - FLAC 分轨/12 intro... ....flac (18435336 bytes)
Sun May 3 14:17:14 2015: file_size = 18435336
Sun May 3 14:17:14 2015: Preallocating file /home/fighting/Downloads/宋冬野 - 安和桥北 2013 - FLAC 分轨/cover.jpg (71436 bytes)
Sun May 3 14:17:14 2015: file_size = 71436
Sun May 3 14:17:14 2015: Preallocating file /home/fighting/Downloads/宋冬野 - 安和桥北 2013 - FLAC 分轨/PIC_20130902_210623_401.jpg (1631233 bytes)
Sun May 3 14:17:14 2015: file_size = 1631233
Sun May 3 14:17:14 2015: Preallocating file /home/fighting/Downloads/宋冬野 - 安和桥北 2013 - FLAC 分轨/PIC_20130902_210644_831.jpg (1746993 bytes)
Sun May 3 14:17:14 2015: file_size = 1746993
Sun May 3 14:17:14 2015: Preallocating file /home/fighting/Downloads/宋冬野 - 安和桥北 2013 - FLAC 分轨/PIC_20130902_210706_01E.jpg (2031646 bytes)
Sun May 3 14:17:14 2015: file_size = 2031646
Sun May 3 14:17:14 2015: Preallocating file /home/fighting/Downloads/宋冬野 - 安和桥北 2013 - FLAC 分轨/专辑简介.txt (6270 bytes)
Sun May 3 14:17:14 2015: file_size = 6270
Sun May 3 14:17:14 2015: Preallocating file /home/fighting/Downloads/宋冬野 - 安和桥北 2013 - FLAC 分轨/抓轨日志.log (5832 bytes)
Sun May 3 14:17:14 2015: file_size = 5832
Sun May 3 14:17:14 2015: Preallocating file /home/fighting/Downloads/宋冬野 - 安和桥北 2013 - FLAC 分轨/频谱图.jpg (245420 bytes)
Sun May 3 14:17:14 2015: file_size = 245420
Sun May 3 14:17:14 2015: PreallocationThread has finished
Sun May 3 14:17:14 2015: preallocFinished  1
Sun May 3 14:17:14 2015: Doing tracker request to url (via KIO): http://hudbt.hust.edu.cn/announce.php?passkey=10c026186268bd94d3b9aca971e61ee3&peer_id=-KG21310fsThJIEuzpS5&port=6881&uploaded=0&downloaded=0&left=329769745&compact=1&numwant=200&key=559978735&ip=2001%3ADA8%3AE000%3A1260%3AC150%3A60D4%3A6101%3A1B90&event=started&info_hash=%fd%25W%cf%8d%d9S%1b%1b%08!%aa%d4%a0%aeBVn%b6%0f
Sun May 3 14:17:14 2015: Selected tracker http://hudbt.hust.edu.cn/announce.php?passkey=10c026186268bd94d3b9aca971e61ee3 (tier = 1)
Sun May 3 14:17:39 2015: Saving 0 chunk downloads
Sun May 3 14:17:39 2015: Saving list of peers to /home/fighting/.kde/share/apps/kget/tmp/[HUDBT].宋冬野 - 安和桥北 2013 - FLAC 分轨/peer_list
Sun May 3 14:17:39 2015: Loading list of peers from /home/fighting/.kde/share/apps/kget/tmp/[HUDBT].宋冬野 - 安和桥北 2013 - FLAC 分轨/peer_list
Sun May 3 14:17:39 2015: Loading 0 active chunk downloads
Sun May 3 14:17:39 2015: Doing tracker request to url (via KIO): http://hudbt.hust.edu.cn/announce.php?passkey=10c026186268bd94d3b9aca971e61ee3&peer_id=-KG21310fsThJIEuzpS5&port=6881&uploaded=0&downloaded=0&left=329769745&compact=1&numwant=200&key=559978735&ip=2001%3ADA8%3AE000%3A1260%3AC150%3A60D4%3A6101%3A1B90&event=started&info_hash=%fd%25W%cf%8d%d9S%1b%1b%08!%aa%d4%a0%aeBVn%b6%0f
Sun May 3 14:17:39 2015: Selected tracker http://hudbt.hust.edu.cn/announce.php?passkey=10c026186268bd94d3b9aca971e61ee3 (tier = 1)
Sun May 3 14:18:09 2015: Doing tracker request to url (via KIO): http://hudbt.hust.edu.cn/announce.php?passkey=10c026186268bd94d3b9aca971e61ee3&peer_id=-KG21310fsThJIEuzpS5&port=6881&uploaded=0&downloaded=0&left=329769745&compact=1&numwant=200&key=559978735&ip=2001%3ADA8%3AE000%3A1260%3AC150%3A60D4%3A6101%3A1B90&event=started&info_hash=%fd%25W%cf%8d%d9S%1b%1b%08!%aa%d4%a0%aeBVn%b6%0f
Sun May 3 14:18:09 2015: Selected tracker http://hudbt.hust.edu.cn/announce.php?passkey=10c026186268bd94d3b9aca971e61ee3 (tier = 1)
Sun May 3 14:18:14 2015: FreeBytes 127.14 GiB
Sun May 3 14:18:14 2015: Downloaded 0 B
Sun May 3 14:18:14 2015: Remaining 314.49 MiB
Sun May 3 14:18:46 2015: Saving 0 chunk downloads
Sun May 3 14:18:46 2015: Saving list of peers to /home/fighting/.kde/share/apps/kget/tmp/[HUDBT].宋冬野 - 安和桥北 2013 - FLAC 分轨/peer_list
Sun May 3 14:18:46 2015: Loading list of peers from /home/fighting/.kde/share/apps/kget/tmp/[HUDBT].宋冬野 - 安和桥北 2013 - FLAC 分轨/peer_list
Sun May 3 14:18:46 2015: Loading 0 active chunk downloads
Sun May 3 14:18:46 2015: Doing tracker request to url (via KIO): http://hudbt.hust.edu.cn/announce.php?passkey=10c026186268bd94d3b9aca971e61ee3&peer_id=-KG21310fsThJIEuzpS5&port=6881&uploaded=0&downloaded=0&left=329769745&compact=1&numwant=200&key=559978735&ip=2001%3ADA8%3AE000%3A1260%3AC150%3A60D4%3A6101%3A1B90&event=started&info_hash=%fd%25W%cf%8d%d9S%1b%1b%08!%aa%d4%a0%aeBVn%b6%0f
Sun May 3 14:18:46 2015: Selected tracker http://hudbt.hust.edu.cn/announce.php?passkey=10c026186268bd94d3b9aca971e61ee3 (tier = 1)
Sun May 3 14:19:14 2015: FreeBytes 127.14 GiB
Sun May 3 14:19:14 2015: Downloaded 0 B
Sun May 3 14:19:14 2015: Remaining 314.49 MiB
Sun May 3 14:19:46 2015: Saving 0 chunk downloads
Sun May 3 14:19:46 2015: Saving list of peers to /home/fighting/.kde/share/apps/kget/tmp/[HUDBT].宋冬野 - 安和桥北 2013 - FLAC 分轨/peer_list
Sun May 3 14:19:46 2015: Loading list of peers from /home/fighting/.kde/share/apps/kget/tmp/[HUDBT].宋冬野 - 安和桥北 2013 - FLAC 分轨/peer_list
Sun May 3 14:19:46 2015: Loading 0 active chunk downloads
Sun May 3 14:19:46 2015: Doing tracker request to url (via KIO): http://hudbt.hust.edu.cn/announce.php?passkey=10c026186268bd94d3b9aca971e61ee3&peer_id=-KG21310fsThJIEuzpS5&port=6881&uploaded=0&downloaded=0&left=329769745&compact=1&numwant=200&key=559978735&ip=2001%3ADA8%3AE000%3A1260%3AC150%3A60D4%3A6101%3A1B90&event=started&info_hash=%fd%25W%cf%8d%d9S%1b%1b%08!%aa%d4%a0%aeBVn%b6%0f
Sun May 3 14:19:46 2015: Selected tracker http://hudbt.hust.edu.cn/announce.php?passkey=10c026186268bd94d3b9aca971e61ee3 (tier = 1)
Sun May 3 14:20:14 2015: FreeBytes 127.14 GiB
Sun May 3 14:20:14 2015: Downloaded 0 B
Sun May 3 14:20:14 2015: Remaining 314.49 MiB
Sun May 3 14:20:46 2015: Saving 0 chunk downloads
Sun May 3 14:20:46 2015: Saving list of peers to /home/fighting/.kde/share/apps/kget/tmp/[HUDBT].宋冬野 - 安和桥北 2013 - FLAC 分轨/peer_list
Sun May 3 14:20:46 2015: Loading list of peers from /home/fighting/.kde/share/apps/kget/tmp/[HUDBT].宋冬野 - 安和桥北 2013 - FLAC 分轨/peer_list
Sun May 3 14:20:46 2015: Loading 0 active chunk downloads
Sun May 3 14:20:46 2015: Doing tracker request to url (via KIO): http://hudbt.hust.edu.cn/announce.php?passkey=10c026186268bd94d3b9aca971e61ee3&peer_id=-KG21310fsThJIEuzpS5&port=6881&uploaded=0&downloaded=0&left=329769745&compact=1&numwant=200&key=559978735&ip=2001%3ADA8%3AE000%3A1260%3AC150%3A60D4%3A6101%3A1B90&event=started&info_hash=%fd%25W%cf%8d%d9S%1b%1b%08!%aa%d4%a0%aeBVn%b6%0f
Sun May 3 14:20:46 2015: Selected tracker http://hudbt.hust.edu.cn/announce.php?passkey=10c026186268bd94d3b9aca971e61ee3 (tier = 1)
Sun May 3 14:21:14 2015: FreeBytes 127.14 GiB
Sun May 3 14:21:14 2015: Downloaded 0 B
Sun May 3 14:21:14 2015: Remaining 314.49 MiB
Sun May 3 14:21:46 2015: Saving 0 chunk downloads
Sun May 3 14:21:46 2015: Saving list of peers to /home/fighting/.kde/share/apps/kget/tmp/[HUDBT].宋冬野 - 安和桥北 2013 - FLAC 分轨/peer_list
Sun May 3 14:21:46 2015: Loading list of peers from /home/fighting/.kde/share/apps/kget/tmp/[HUDBT].宋冬野 - 安和桥北 2013 - FLAC 分轨/peer_list
Sun May 3 14:21:46 2015: Loading 0 active chunk downloads
Sun May 3 14:21:46 2015: Doing tracker request to url (via KIO): http://hudbt.hust.edu.cn/announce.php?passkey=10c026186268bd94d3b9aca971e61ee3&peer_id=-KG21310fsThJIEuzpS5&port=6881&uploaded=0&downloaded=0&left=329769745&compact=1&numwant=200&key=559978735&ip=2001%3ADA8%3AE000%3A1260%3AC150%3A60D4%3A6101%3A1B90&event=started&info_hash=%fd%25W%cf%8d%d9S%1b%1b%08!%aa%d4%a0%aeBVn%b6%0f
Sun May 3 14:21:46 2015: Selected tracker http://hudbt.hust.edu.cn/announce.php?passkey=10c026186268bd94d3b9aca971e61ee3 (tier = 1)
Sun May 3 14:22:14 2015: FreeBytes 127.14 GiB
Sun May 3 14:22:14 2015: Downloaded 0 B
Sun May 3 14:22:14 2015: Remaining 314.49 MiB
Sun May 3 14:22:46 2015: Saving 0 chunk downloads
Sun May 3 14:22:46 2015: Saving list of peers to /home/fighting/.kde/share/apps/kget/tmp/[HUDBT].宋冬野 - 安和桥北 2013 - FLAC 分轨/peer_list
Sun May 3 14:22:46 2015: Loading list of peers from /home/fighting/.kde/share/apps/kget/tmp/[HUDBT].宋冬野 - 安和桥北 2013 - FLAC 分轨/peer_list
Sun May 3 14:22:46 2015: Loading 0 active chunk downloads
Sun May 3 14:22:46 2015: Doing tracker request to url (via KIO): http://hudbt.hust.edu.cn/announce.php?passkey=10c026186268bd94d3b9aca971e61ee3&peer_id=-KG21310fsThJIEuzpS5&port=6881&uploaded=0&downloaded=0&left=329769745&compact=1&numwant=200&key=559978735&ip=2001%3ADA8%3AE000%3A1260%3AC150%3A60D4%3A6101%3A1B90&event=started&info_hash=%fd%25W%cf%8d%d9S%1b%1b%08!%aa%d4%a0%aeBVn%b6%0f
Sun May 3 14:22:46 2015: Selected tracker http://hudbt.hust.edu.cn/announce.php?passkey=10c026186268bd94d3b9aca971e61ee3 (tier = 1)
Sun May 3 14:23:14 2015: FreeBytes 127.14 GiB
Sun May 3 14:23:14 2015: Downloaded 0 B
Sun May 3 14:23:14 2015: Remaining 314.49 MiB
Sun May 3 14:24:14 2015: FreeBytes 127.14 GiB
Sun May 3 14:24:14 2015: Downloaded 0 B
Sun May 3 14:24:14 2015: Remaining 314.49 MiB
Sun May 3 14:25:14 2015: FreeBytes 127.14 GiB
Sun May 3 14:25:14 2015: Downloaded 0 B
Sun May 3 14:25:14 2015: Remaining 314.49 MiB
Sun May 3 14:26:14 2015: FreeBytes 127.14 GiB
Sun May 3 14:26:14 2015: Downloaded 0 B
Sun May 3 14:26:14 2015: Remaining 314.49 MiB
Sun May 3 14:27:14 2015: FreeBytes 127.14 GiB
Sun May 3 14:27:14 2015: Downloaded 0 B
Sun May 3 14:27:14 2015: Remaining 314.49 MiB
Sun May 3 14:28:14 2015: FreeBytes 127.14 GiB
Sun May 3 14:28:14 2015: Downloaded 0 B
Sun May 3 14:28:14 2015: Remaining 314.49 MiB
Sun May 3 14:29:14 2015: FreeBytes 127.14 GiB
Sun May 3 14:29:14 2015: Downloaded 0 B
Sun May 3 14:29:14 2015: Remaining 314.49 MiB
Sun May 3 14:30:14 2015: FreeBytes 127.14 GiB
Sun May 3 14:30:14 2015: Downloaded 0 B
Sun May 3 14:30:14 2015: Remaining 314.49 MiB
Sun May 3 14:31:14 2015: FreeBytes 127.14 GiB
Sun May 3 14:31:14 2015: Downloaded 0 B
Sun May 3 14:31:14 2015: Remaining 314.49 MiB
Sun May 3 14:32:14 2015: FreeBytes 127.14 GiB
Sun May 3 14:32:14 2015: Downloaded 0 B
Sun May 3 14:32:14 2015: Remaining 314.49 MiB
Sun May 3 14:32:46 2015: Saving 0 chunk downloads
Sun May 3 14:32:46 2015: Saving list of peers to /home/fighting/.kde/share/apps/kget/tmp/[HUDBT].宋冬野 - 安和桥北 2013 - FLAC 分轨/peer_list
Sun May 3 14:32:46 2015: Loading list of peers from /home/fighting/.kde/share/apps/kget/tmp/[HUDBT].宋冬野 - 安和桥北 2013 - FLAC 分轨/peer_list
Sun May 3 14:32:46 2015: Loading 0 active chunk downloads
Sun May 3 14:32:46 2015: Doing tracker request to url (via KIO): http://hudbt.hust.edu.cn/announce.php?passkey=10c026186268bd94d3b9aca971e61ee3&peer_id=-KG21310fsThJIEuzpS5&port=6881&uploaded=0&downloaded=0&left=329769745&compact=1&numwant=200&key=559978735&ip=2001%3ADA8%3AE000%3A1260%3AC150%3A60D4%3A6101%3A1B90&event=started&info_hash=%fd%25W%cf%8d%d9S%1b%1b%08!%aa%d4%a0%aeBVn%b6%0f
Sun May 3 14:32:46 2015: Selected tracker http://hudbt.hust.edu.cn/announce.php?passkey=10c026186268bd94d3b9aca971e61ee3 (tier = 1)
Sun May 3 14:33:14 2015: FreeBytes 127.14 GiB
Sun May 3 14:33:14 2015: Downloaded 0 B
Sun May 3 14:33:14 2015: Remaining 314.49 MiB
Sun May 3 14:34:14 2015: FreeBytes 127.14 GiB
Sun May 3 14:34:14 2015: Downloaded 0 B
Sun May 3 14:34:14 2015: Remaining 314.49 MiB
Sun May 3 14:35:14 2015: FreeBytes 127.14 GiB
Sun May 3 14:35:14 2015: Downloaded 0 B
Sun May 3 14:35:14 2015: Remaining 314.49 MiB
Sun May 3 14:36:14 2015: FreeBytes 127.14 GiB
Sun May 3 14:36:14 2015: Downloaded 0 B
Sun May 3 14:36:14 2015: Remaining 314.49 MiB
Sun May 3 14:37:14 2015: FreeBytes 127.14 GiB
Sun May 3 14:37:14 2015: Downloaded 0 B
Sun May 3 14:37:14 2015: Remaining 314.49 MiB
Sun May 3 14:38:14 2015: FreeBytes 127.14 GiB
Sun May 3 14:38:14 2015: Downloaded 0 B
Sun May 3 14:38:14 2015: Remaining 314.49 MiB
Sun May 3 14:39:15 2015: FreeBytes 127.14 GiB
Sun May 3 14:39:15 2015: Downloaded 0 B
Sun May 3 14:39:15 2015: Remaining 314.49 MiB
Sun May 3 14:40:15 2015: FreeBytes 127.14 GiB
Sun May 3 14:40:15 2015: Downloaded 0 B
Sun May 3 14:40:15 2015: Remaining 314.49 MiB
Sun May 3 14:41:15 2015: FreeBytes 127.14 GiB
Sun May 3 14:41:15 2015: Downloaded 0 B
Sun May 3 14:41:15 2015: Remaining 314.49 MiB
Sun May 3 14:42:15 2015: FreeBytes 127.14 GiB
Sun May 3 14:42:15 2015: Downloaded 0 B
Sun May 3 14:42:15 2015: Remaining 314.49 MiB
Sun May 3 14:42:46 2015: Saving 0 chunk downloads
Sun May 3 14:42:46 2015: Saving list of peers to /home/fighting/.kde/share/apps/kget/tmp/[HUDBT].宋冬野 - 安和桥北 2013 - FLAC 分轨/peer_list
Sun May 3 14:42:46 2015: Loading list of peers from /home/fighting/.kde/share/apps/kget/tmp/[HUDBT].宋冬野 - 安和桥北 2013 - FLAC 分轨/peer_list
Sun May 3 14:42:46 2015: Loading 0 active chunk downloads
Sun May 3 14:42:46 2015: Doing tracker request to url (via KIO): http://hudbt.hust.edu.cn/announce.php?passkey=10c026186268bd94d3b9aca971e61ee3&peer_id=-KG21310fsThJIEuzpS5&port=6881&uploaded=0&downloaded=0&left=329769745&compact=1&numwant=200&key=559978735&ip=2001%3ADA8%3AE000%3A1260%3AC150%3A60D4%3A6101%3A1B90&event=started&info_hash=%fd%25W%cf%8d%d9S%1b%1b%08!%aa%d4%a0%aeBVn%b6%0f
Sun May 3 14:42:46 2015: Selected tracker http://hudbt.hust.edu.cn/announce.php?passkey=10c026186268bd94d3b9aca971e61ee3 (tier = 1)
Sun May 3 14:43:15 2015: FreeBytes 127.14 GiB
Sun May 3 14:43:15 2015: Downloaded 0 B
Sun May 3 14:43:15 2015: Remaining 314.49 MiB
Sun May 3 14:44:15 2015: FreeBytes 127.14 GiB
Sun May 3 14:44:15 2015: Downloaded 0 B
Sun May 3 14:44:15 2015: Remaining 314.49 MiB
Sun May 3 14:45:15 2015: FreeBytes 127.14 GiB
Sun May 3 14:45:15 2015: Downloaded 0 B
Sun May 3 14:45:15 2015: Remaining 314.49 MiB
Sun May 3 14:46:15 2015: FreeBytes 127.14 GiB
Sun May 3 14:46:15 2015: Downloaded 0 B
Sun May 3 14:46:15 2015: Remaining 314.49 MiB
Sun May 3 14:47:15 2015: FreeBytes 127.14 GiB
Sun May 3 14:47:15 2015: Downloaded 780.00 KiB
Sun May 3 14:47:15 2015: Remaining 313.73 MiB
Sun May 3 14:48:15 2015: FreeBytes 127.14 GiB
Sun May 3 14:48:15 2015: Downloaded 780.00 KiB
Sun May 3 14:48:15 2015: Remaining 313.73 MiB
Sun May 3 14:49:15 2015: FreeBytes 127.00 GiB
Sun May 3 14:49:15 2015: Downloaded 149.41 MiB
Sun May 3 14:49:15 2015: Remaining 165.08 MiB
Sun May 3 14:50:15 2015: FreeBytes 126.84 GiB
Sun May 3 14:50:15 2015: Downloaded 314.53 MiB
Sun May 3 14:50:15 2015: Remaining 0 B
Sun May 3 14:51:15 2015: FreeBytes 126.84 GiB
Sun May 3 14:51:15 2015: Downloaded 314.53 MiB
Sun May 3 14:51:15 2015: Remaining 0 B
Sun May 3 14:52:15 2015: FreeBytes 126.84 GiB
Sun May 3 14:52:15 2015: Downloaded 314.53 MiB
Sun May 3 14:52:15 2015: Remaining 0 B
Sun May 3 14:52:46 2015: Saving 0 chunk downloads
Sun May 3 14:52:46 2015: Saving list of peers to /home/fighting/.kde/share/apps/kget/tmp/[HUDBT].宋冬野 - 安和桥北 2013 - FLAC 分轨/peer_list
Sun May 3 14:52:46 2015: Loading list of peers from /home/fighting/.kde/share/apps/kget/tmp/[HUDBT].宋冬野 - 安和桥北 2013 - FLAC 分轨/peer_list
Sun May 3 14:52:46 2015: Loading 0 active chunk downloads
Sun May 3 14:52:46 2015: Doing tracker request to url (via KIO): http://hudbt.hust.edu.cn/announce.php?passkey=10c026186268bd94d3b9aca971e61ee3&peer_id=-KG21310fsThJIEuzpS5&port=6881&uploaded=0&downloaded=0&left=329769745&compact=1&numwant=200&key=559978735&ip=2001%3ADA8%3AE000%3A1260%3AC150%3A60D4%3A6101%3A1B90&event=started&info_hash=%fd%25W%cf%8d%d9S%1b%1b%08!%aa%d4%a0%aeBVn%b6%0f
Sun May 3 14:52:46 2015: Selected tracker http://hudbt.hust.edu.cn/announce.php?passkey=10c026186268bd94d3b9aca971e61ee3 (tier = 1)
Sun May 3 14:53:15 2015: FreeBytes 126.64 GiB
Sun May 3 14:53:15 2015: Downloaded 314.53 MiB
Sun May 3 14:53:15 2015: Remaining 0 B
Sun May 3 14:54:15 2015: FreeBytes 126.49 GiB
Sun May 3 14:54:15 2015: Downloaded 314.53 MiB
Sun May 3 14:54:15 2015: Remaining 0 B
Sun May 3 14:55:15 2015: FreeBytes 126.49 GiB
Sun May 3 14:55:15 2015: Downloaded 314.53 MiB
Sun May 3 14:55:15 2015: Remaining 0 B
Sun May 3 14:56:15 2015: FreeBytes 126.49 GiB
Sun May 3 14:56:15 2015: Downloaded 314.53 MiB
Sun May 3 14:56:15 2015: Remaining 0 B
Sun May 3 14:57:15 2015: FreeBytes 126.49 GiB
Sun May 3 14:57:15 2015: Downloaded 314.53 MiB
Sun May 3 14:57:15 2015: Remaining 0 B
Sun May 3 14:58:15 2015: FreeBytes 126.49 GiB
Sun May 3 14:58:15 2015: Downloaded 314.53 MiB
Sun May 3 14:58:15 2015: Remaining 0 B
Sun May 3 14:59:15 2015: FreeBytes 126.49 GiB
Sun May 3 14:59:15 2015: Downloaded 314.53 MiB
Sun May 3 14:59:15 2015: Remaining 0 B
Sun May 3 15:00:15 2015: FreeBytes 126.49 GiB
Sun May 3 15:00:15 2015: Downloaded 314.53 MiB
Sun May 3 15:00:15 2015: Remaining 0 B
Sun May 3 15:01:16 2015: FreeBytes 126.49 GiB
Sun May 3 15:01:16 2015: Downloaded 314.53 MiB
Sun May 3 15:01:16 2015: Remaining 0 B
Sun May 3 15:02:16 2015: FreeBytes 126.49 GiB
Sun May 3 15:02:16 2015: Downloaded 314.53 MiB
Sun May 3 15:02:16 2015: Remaining 0 B
Sun May 3 15:02:46 2015: Saving 0 chunk downloads
Sun May 3 15:02:46 2015: Saving list of peers to /home/fighting/.kde/share/apps/kget/tmp/[HUDBT].宋冬野 - 安和桥北 2013 - FLAC 分轨/peer_list
Sun May 3 15:02:46 2015: Loading list of peers from /home/fighting/.kde/share/apps/kget/tmp/[HUDBT].宋冬野 - 安和桥北 2013 - FLAC 分轨/peer_list
Sun May 3 15:02:46 2015: Loading 0 active chunk downloads
Sun May 3 15:02:46 2015: Doing tracker request to url (via KIO): http://hudbt.hust.edu.cn/announce.php?passkey=10c026186268bd94d3b9aca971e61ee3&peer_id=-KG21310fsThJIEuzpS5&port=6881&uploaded=0&downloaded=0&left=329769745&compact=1&numwant=200&key=559978735&ip=2001%3ADA8%3AE000%3A1260%3AC150%3A60D4%3A6101%3A1B90&event=started&info_hash=%fd%25W%cf%8d%d9S%1b%1b%08!%aa%d4%a0%aeBVn%b6%0f
Sun May 3 15:02:46 2015: Selected tracker http://hudbt.hust.edu.cn/announce.php?passkey=10c026186268bd94d3b9aca971e61ee3 (tier = 1)
Sun May 3 15:03:16 2015: FreeBytes 126.49 GiB
Sun May 3 15:03:16 2015: Downloaded 314.53 MiB
Sun May 3 15:03:16 2015: Remaining 0 B
Sun May 3 15:04:16 2015: FreeBytes 126.49 GiB
Sun May 3 15:04:16 2015: Downloaded 314.53 MiB
Sun May 3 15:04:16 2015: Remaining 0 B
Sun May 3 15:05:16 2015: FreeBytes 126.49 GiB
Sun May 3 15:05:16 2015: Downloaded 314.53 MiB
Sun May 3 15:05:16 2015: Remaining 0 B
Sun May 3 15:06:16 2015: FreeBytes 118.56 GiB
Sun May 3 15:06:16 2015: Downloaded 314.53 MiB
Sun May 3 15:06:16 2015: Remaining 0 B
Sun May 3 15:07:16 2015: FreeBytes 118.56 GiB
Sun May 3 15:07:16 2015: Downloaded 314.53 MiB
Sun May 3 15:07:16 2015: Remaining 0 B
Sun May 3 15:08:16 2015: FreeBytes 118.56 GiB
Sun May 3 15:08:16 2015: Downloaded 314.53 MiB
Sun May 3 15:08:16 2015: Remaining 0 B
Sun May 3 15:09:16 2015: FreeBytes 118.56 GiB
Sun May 3 15:09:16 2015: Downloaded 314.53 MiB
Sun May 3 15:09:16 2015: Remaining 0 B
Sun May 3 15:10:16 2015: FreeBytes 118.56 GiB
Sun May 3 15:10:16 2015: Downloaded 314.53 MiB
Sun May 3 15:10:16 2015: Remaining 0 B
Sun May 3 15:11:16 2015: FreeBytes 118.55 GiB
Sun May 3 15:11:16 2015: Downloaded 314.53 MiB
Sun May 3 15:11:16 2015: Remaining 0 B
Sun May 3 15:12:16 2015: FreeBytes 118.54 GiB
Sun May 3 15:12:16 2015: Downloaded 314.53 MiB
Sun May 3 15:12:16 2015: Remaining 0 B
Sun May 3 15:12:46 2015: Saving 0 chunk downloads
Sun May 3 15:12:46 2015: Saving list of peers to /home/fighting/.kde/share/apps/kget/tmp/[HUDBT].宋冬野 - 安和桥北 2013 - FLAC 分轨/peer_list
Sun May 3 15:12:46 2015: Loading list of peers from /home/fighting/.kde/share/apps/kget/tmp/[HUDBT].宋冬野 - 安和桥北 2013 - FLAC 分轨/peer_list
Sun May 3 15:12:46 2015: Loading 0 active chunk downloads
Sun May 3 15:12:46 2015: Doing tracker request to url (via KIO): http://hudbt.hust.edu.cn/announce.php?passkey=10c026186268bd94d3b9aca971e61ee3&peer_id=-KG21310fsThJIEuzpS5&port=6881&uploaded=0&downloaded=0&left=329769745&compact=1&numwant=200&key=559978735&ip=2001%3ADA8%3AE000%3A1260%3AC150%3A60D4%3A6101%3A1B90&event=started&info_hash=%fd%25W%cf%8d%d9S%1b%1b%08!%aa%d4%a0%aeBVn%b6%0f
Sun May 3 15:12:46 2015: Selected tracker http://hudbt.hust.edu.cn/announce.php?passkey=10c026186268bd94d3b9aca971e61ee3 (tier = 1)
Sun May 3 15:13:16 2015: FreeBytes 118.54 GiB
Sun May 3 15:13:16 2015: Downloaded 314.53 MiB
Sun May 3 15:13:16 2015: Remaining 0 B
Sun May 3 15:14:16 2015: FreeBytes 118.53 GiB
Sun May 3 15:14:16 2015: Downloaded 314.53 MiB
Sun May 3 15:14:16 2015: Remaining 0 B
Sun May 3 15:15:16 2015: FreeBytes 118.53 GiB
Sun May 3 15:15:16 2015: Downloaded 314.53 MiB
Sun May 3 15:15:16 2015: Remaining 0 B
Sun May 3 15:16:16 2015: FreeBytes 118.53 GiB
Sun May 3 15:16:16 2015: Downloaded 314.53 MiB
Sun May 3 15:16:16 2015: Remaining 0 B
Sun May 3 15:17:16 2015: FreeBytes 118.52 GiB
Sun May 3 15:17:16 2015: Downloaded 314.53 MiB
Sun May 3 15:17:16 2015: Remaining 0 B
Sun May 3 15:18:16 2015: FreeBytes 118.53 GiB
Sun May 3 15:18:16 2015: Downloaded 314.53 MiB
Sun May 3 15:18:16 2015: Remaining 0 B
Sun May 3 15:19:16 2015: FreeBytes 118.52 GiB
Sun May 3 15:19:16 2015: Downloaded 314.53 MiB
Sun May 3 15:19:16 2015: Remaining 0 B
Sun May 3 15:20:16 2015: FreeBytes 118.51 GiB
Sun May 3 15:20:16 2015: Downloaded 314.53 MiB
Sun May 3 15:20:16 2015: Remaining 0 B
Sun May 3 15:21:16 2015: FreeBytes 118.51 GiB
Sun May 3 15:21:16 2015: Downloaded 314.53 MiB
Sun May 3 15:21:16 2015: Remaining 0 B
Sun May 3 15:22:16 2015: FreeBytes 118.51 GiB
Sun May 3 15:22:16 2015: Downloaded 314.53 MiB
Sun May 3 15:22:16 2015: Remaining 0 B
Sun May 3 15:22:46 2015: Saving 0 chunk downloads
Sun May 3 15:22:46 2015: Saving list of peers to /home/fighting/.kde/share/apps/kget/tmp/[HUDBT].宋冬野 - 安和桥北 2013 - FLAC 分轨/peer_list
Sun May 3 15:22:46 2015: Loading list of peers from /home/fighting/.kde/share/apps/kget/tmp/[HUDBT].宋冬野 - 安和桥北 2013 - FLAC 分轨/peer_list
Sun May 3 15:22:46 2015: Loading 0 active chunk downloads
Sun May 3 15:22:46 2015: Doing tracker request to url (via KIO): http://hudbt.hust.edu.cn/announce.php?passkey=10c026186268bd94d3b9aca971e61ee3&peer_id=-KG21310fsThJIEuzpS5&port=6881&uploaded=0&downloaded=0&left=329769745&compact=1&numwant=200&key=559978735&ip=2001%3ADA8%3AE000%3A1260%3AC150%3A60D4%3A6101%3A1B90&event=started&info_hash=%fd%25W%cf%8d%d9S%1b%1b%08!%aa%d4%a0%aeBVn%b6%0f
Sun May 3 15:22:46 2015: Selected tracker http://hudbt.hust.edu.cn/announce.php?passkey=10c026186268bd94d3b9aca971e61ee3 (tier = 1)
Sun May 3 15:23:16 2015: FreeBytes 118.51 GiB
Sun May 3 15:23:16 2015: Downloaded 314.53 MiB
Sun May 3 15:23:16 2015: Remaining 0 B
Sun May 3 15:24:16 2015: FreeBytes 118.50 GiB
Sun May 3 15:24:16 2015: Downloaded 314.53 MiB
Sun May 3 15:24:16 2015: Remaining 0 B
Sun May 3 15:25:16 2015: FreeBytes 118.48 GiB
Sun May 3 15:25:16 2015: Downloaded 314.53 MiB
Sun May 3 15:25:16 2015: Remaining 0 B
Sun May 3 15:26:16 2015: FreeBytes 118.48 GiB
Sun May 3 15:26:16 2015: Downloaded 314.53 MiB
Sun May 3 15:26:16 2015: Remaining 0 B
Sun May 3 15:27:16 2015: FreeBytes 118.48 GiB
Sun May 3 15:27:16 2015: Downloaded 314.53 MiB
Sun May 3 15:27:16 2015: Remaining 0 B
Sun May 3 15:28:16 2015: FreeBytes 118.48 GiB
Sun May 3 15:28:16 2015: Downloaded 314.53 MiB
Sun May 3 15:28:16 2015: Remaining 0 B
Sun May 3 15:29:16 2015: FreeBytes 118.48 GiB
Sun May 3 15:29:16 2015: Downloaded 314.53 MiB
Sun May 3 15:29:16 2015: Remaining 0 B
Sun May 3 15:30:16 2015: FreeBytes 118.47 GiB
Sun May 3 15:30:16 2015: Downloaded 314.53 MiB
Sun May 3 15:30:16 2015: Remaining 0 B
Sun May 3 15:31:16 2015: FreeBytes 118.46 GiB
Sun May 3 15:31:16 2015: Downloaded 314.53 MiB
Sun May 3 15:31:16 2015: Remaining 0 B
Sun May 3 15:32:16 2015: FreeBytes 118.46 GiB
Sun May 3 15:32:16 2015: Downloaded 314.53 MiB
Sun May 3 15:32:16 2015: Remaining 0 B
Sun May 3 15:32:46 2015: Saving 0 chunk downloads
Sun May 3 15:32:46 2015: Saving list of peers to /home/fighting/.kde/share/apps/kget/tmp/[HUDBT].宋冬野 - 安和桥北 2013 - FLAC 分轨/peer_list
Sun May 3 15:32:46 2015: Loading list of peers from /home/fighting/.kde/share/apps/kget/tmp/[HUDBT].宋冬野 - 安和桥北 2013 - FLAC 分轨/peer_list
Sun May 3 15:32:46 2015: Loading 0 active chunk downloads
Sun May 3 15:32:46 2015: Doing tracker request to url (via KIO): http://hudbt.hust.edu.cn/announce.php?passkey=10c026186268bd94d3b9aca971e61ee3&peer_id=-KG21310fsThJIEuzpS5&port=6881&uploaded=0&downloaded=0&left=329769745&compact=1&numwant=200&key=559978735&ip=2001%3ADA8%3AE000%3A1260%3AC150%3A60D4%3A6101%3A1B90&event=started&info_hash=%fd%25W%cf%8d%d9S%1b%1b%08!%aa%d4%a0%aeBVn%b6%0f
Sun May 3 15:32:46 2015: Selected tracker http://hudbt.hust.edu.cn/announce.php?passkey=10c026186268bd94d3b9aca971e61ee3 (tier = 1)
Sun May 3 15:33:16 2015: FreeBytes 118.46 GiB
Sun May 3 15:33:16 2015: Downloaded 314.53 MiB
Sun May 3 15:33:16 2015: Remaining 0 B
Sun May 3 15:34:16 2015: FreeBytes 118.46 GiB
Sun May 3 15:34:16 2015: Downloaded 314.53 MiB
Sun May 3 15:34:16 2015: Remaining 0 B
Sun May 3 15:35:16 2015: FreeBytes 118.45 GiB
Sun May 3 15:35:16 2015: Downloaded 314.53 MiB
Sun May 3 15:35:16 2015: Remaining 0 B
Sun May 3 15:36:16 2015: FreeBytes 118.45 GiB
Sun May 3 15:36:16 2015: Downloaded 314.53 MiB
Sun May 3 15:36:16 2015: Remaining 0 B
Sun May 3 15:37:16 2015: FreeBytes 118.45 GiB
Sun May 3 15:37:16 2015: Downloaded 314.53 MiB
Sun May 3 15:37:16 2015: Remaining 0 B
Sun May 3 15:38:16 2015: FreeBytes 118.45 GiB
Sun May 3 15:38:16 2015: Downloaded 314.53 MiB
Sun May 3 15:38:16 2015: Remaining 0 B
Sun May 3 15:39:16 2015: FreeBytes 118.45 GiB
Sun May 3 15:39:16 2015: Downloaded 314.53 MiB
Sun May 3 15:39:16 2015: Remaining 0 B
Sun May 3 15:40:16 2015: FreeBytes 118.45 GiB
Sun May 3 15:40:16 2015: Downloaded 314.53 MiB
Sun May 3 15:40:16 2015: Remaining 0 B
Sun May 3 15:41:16 2015: FreeBytes 118.44 GiB
Sun May 3 15:41:16 2015: Downloaded 314.53 MiB
Sun May 3 15:41:16 2015: Remaining 0 B
Sun May 3 15:42:16 2015: FreeBytes 118.43 GiB
Sun May 3 15:42:16 2015: Downloaded 314.53 MiB
Sun May 3 15:42:16 2015: Remaining 0 B
Sun May 3 15:42:46 2015: Saving 0 chunk downloads
Sun May 3 15:42:46 2015: Saving list of peers to /home/fighting/.kde/share/apps/kget/tmp/[HUDBT].宋冬野 - 安和桥北 2013 - FLAC 分轨/peer_list
Sun May 3 15:42:46 2015: Loading list of peers from /home/fighting/.kde/share/apps/kget/tmp/[HUDBT].宋冬野 - 安和桥北 2013 - FLAC 分轨/peer_list
Sun May 3 15:42:46 2015: Loading 0 active chunk downloads
Sun May 3 15:42:46 2015: Doing tracker request to url (via KIO): http://hudbt.hust.edu.cn/announce.php?passkey=10c026186268bd94d3b9aca971e61ee3&peer_id=-KG21310fsThJIEuzpS5&port=6881&uploaded=0&downloaded=0&left=329769745&compact=1&numwant=200&key=559978735&ip=2001%3ADA8%3AE000%3A1260%3AC150%3A60D4%3A6101%3A1B90&event=started&info_hash=%fd%25W%cf%8d%d9S%1b%1b%08!%aa%d4%a0%aeBVn%b6%0f
Sun May 3 15:42:46 2015: Selected tracker http://hudbt.hust.edu.cn/announce.php?passkey=10c026186268bd94d3b9aca971e61ee3 (tier = 1)
Sun May 3 15:43:16 2015: FreeBytes 118.43 GiB
Sun May 3 15:43:16 2015: Downloaded 314.53 MiB
Sun May 3 15:43:16 2015: Remaining 0 B
Sun May 3 15:44:16 2015: FreeBytes 118.42 GiB
Sun May 3 15:44:16 2015: Downloaded 314.53 MiB
Sun May 3 15:44:16 2015: Remaining 0 B
Sun May 3 15:45:16 2015: FreeBytes 118.41 GiB
Sun May 3 15:45:16 2015: Downloaded 314.53 MiB
Sun May 3 15:45:16 2015: Remaining 0 B
Sun May 3 15:46:16 2015: FreeBytes 118.39 GiB
Sun May 3 15:46:16 2015: Downloaded 314.53 MiB
Sun May 3 15:46:16 2015: Remaining 0 B
Sun May 3 15:47:16 2015: FreeBytes 118.39 GiB
Sun May 3 15:47:16 2015: Downloaded 314.53 MiB
Sun May 3 15:47:16 2015: Remaining 0 B
Sun May 3 15:48:16 2015: FreeBytes 118.39 GiB
Sun May 3 15:48:16 2015: Downloaded 314.53 MiB
Sun May 3 15:48:16 2015: Remaining 0 B
Sun May 3 15:49:16 2015: FreeBytes 118.39 GiB
Sun May 3 15:49:16 2015: Downloaded 314.53 MiB
Sun May 3 15:49:16 2015: Remaining 0 B
Sun May 3 15:50:16 2015: FreeBytes 118.40 GiB
Sun May 3 15:50:16 2015: Downloaded 314.53 MiB
Sun May 3 15:50:16 2015: Remaining 0 B
Sun May 3 15:51:16 2015: FreeBytes 118.40 GiB
Sun May 3 15:51:16 2015: Downloaded 314.53 MiB
Sun May 3 15:51:16 2015: Remaining 0 B
Sun May 3 15:52:16 2015: FreeBytes 118.40 GiB
Sun May 3 15:52:16 2015: Downloaded 314.53 MiB
Sun May 3 15:52:16 2015: Remaining 0 B
Sun May 3 15:52:46 2015: Saving 0 chunk downloads
Sun May 3 15:52:46 2015: Saving list of peers to /home/fighting/.kde/share/apps/kget/tmp/[HUDBT].宋冬野 - 安和桥北 2013 - FLAC 分轨/peer_list
Sun May 3 15:52:46 2015: Loading list of peers from /home/fighting/.kde/share/apps/kget/tmp/[HUDBT].宋冬野 - 安和桥北 2013 - FLAC 分轨/peer_list
Sun May 3 15:52:46 2015: Loading 0 active chunk downloads
Sun May 3 15:52:46 2015: Doing tracker request to url (via KIO): http://hudbt.hust.edu.cn/announce.php?passkey=10c026186268bd94d3b9aca971e61ee3&peer_id=-KG21310fsThJIEuzpS5&port=6881&uploaded=0&downloaded=0&left=329769745&compact=1&numwant=200&key=559978735&ip=2001%3ADA8%3AE000%3A1260%3AC150%3A60D4%3A6101%3A1B90&event=started&info_hash=%fd%25W%cf%8d%d9S%1b%1b%08!%aa%d4%a0%aeBVn%b6%0f
Sun May 3 15:52:46 2015: Selected tracker http://hudbt.hust.edu.cn/announce.php?passkey=10c026186268bd94d3b9aca971e61ee3 (tier = 1)
Sun May 3 15:53:16 2015: FreeBytes 118.40 GiB
Sun May 3 15:53:16 2015: Downloaded 314.53 MiB
Sun May 3 15:53:16 2015: Remaining 0 B
Sun May 3 15:54:16 2015: FreeBytes 118.40 GiB
Sun May 3 15:54:16 2015: Downloaded 314.53 MiB
Sun May 3 15:54:16 2015: Remaining 0 B
Sun May 3 15:55:16 2015: FreeBytes 118.40 GiB
Sun May 3 15:55:16 2015: Downloaded 314.53 MiB
Sun May 3 15:55:16 2015: Remaining 0 B
Sun May 3 15:56:16 2015: FreeBytes 118.40 GiB
Sun May 3 15:56:16 2015: Downloaded 314.53 MiB
Sun May 3 15:56:16 2015: Remaining 0 B
Sun May 3 15:57:16 2015: FreeBytes 118.40 GiB
Sun May 3 15:57:16 2015: Downloaded 314.53 MiB
Sun May 3 15:57:16 2015: Remaining 0 B
Sun May 3 15:58:16 2015: FreeBytes 118.40 GiB
Sun May 3 15:58:16 2015: Downloaded 314.53 MiB
Sun May 3 15:58:16 2015: Remaining 0 B
Sun May 3 15:59:16 2015: FreeBytes 118.40 GiB
Sun May 3 15:59:16 2015: Downloaded 314.53 MiB
Sun May 3 15:59:16 2015: Remaining 0 B
Sun May 3 16:00:16 2015: FreeBytes 118.40 GiB
Sun May 3 16:00:16 2015: Downloaded 314.53 MiB
Sun May 3 16:00:16 2015: Remaining 0 B
Sun May 3 16:01:16 2015: FreeBytes 118.39 GiB
Sun May 3 16:01:16 2015: Downloaded 314.53 MiB
Sun May 3 16:01:16 2015: Remaining 0 B
Sun May 3 16:02:16 2015: FreeBytes 118.39 GiB
Sun May 3 16:02:16 2015: Downloaded 314.53 MiB
Sun May 3 16:02:16 2015: Remaining 0 B
Sun May 3 16:02:46 2015: Saving 0 chunk downloads
Sun May 3 16:02:46 2015: Saving list of peers to /home/fighting/.kde/share/apps/kget/tmp/[HUDBT].宋冬野 - 安和桥北 2013 - FLAC 分轨/peer_list
Sun May 3 16:02:46 2015: Loading list of peers from /home/fighting/.kde/share/apps/kget/tmp/[HUDBT].宋冬野 - 安和桥北 2013 - FLAC 分轨/peer_list
Sun May 3 16:02:46 2015: Loading 0 active chunk downloads
Sun May 3 16:02:46 2015: Doing tracker request to url (via KIO): http://hudbt.hust.edu.cn/announce.php?passkey=10c026186268bd94d3b9aca971e61ee3&peer_id=-KG21310fsThJIEuzpS5&port=6881&uploaded=0&downloaded=0&left=329769745&compact=1&numwant=200&key=559978735&ip=2001%3ADA8%3AE000%3A1260%3AC150%3A60D4%3A6101%3A1B90&event=started&info_hash=%fd%25W%cf%8d%d9S%1b%1b%08!%aa%d4%a0%aeBVn%b6%0f
Sun May 3 16:02:46 2015: Selected tracker http://hudbt.hust.edu.cn/announce.php?passkey=10c026186268bd94d3b9aca971e61ee3 (tier = 1)
Sun May 3 16:03:16 2015: FreeBytes 118.39 GiB
Sun May 3 16:03:16 2015: Downloaded 314.53 MiB
Sun May 3 16:03:16 2015: Remaining 0 B
Sun May 3 16:04:16 2015: FreeBytes 118.39 GiB
Sun May 3 16:04:16 2015: Downloaded 314.53 MiB
Sun May 3 16:04:16 2015: Remaining 0 B
Sun May 3 16:05:16 2015: FreeBytes 118.39 GiB
Sun May 3 16:05:16 2015: Downloaded 314.53 MiB
Sun May 3 16:05:16 2015: Remaining 0 B
Sun May 3 16:06:16 2015: FreeBytes 118.39 GiB
Sun May 3 16:06:16 2015: Downloaded 314.53 MiB
Sun May 3 16:06:16 2015: Remaining 0 B
Sun May 3 16:07:16 2015: FreeBytes 118.39 GiB
Sun May 3 16:07:16 2015: Downloaded 314.53 MiB
Sun May 3 16:07:16 2015: Remaining 0 B
Sun May 3 16:08:16 2015: FreeBytes 118.39 GiB
Sun May 3 16:08:16 2015: Downloaded 314.53 MiB
Sun May 3 16:08:16 2015: Remaining 0 B
Sun May 3 16:09:16 2015: FreeBytes 118.39 GiB
Sun May 3 16:09:16 2015: Downloaded 314.53 MiB
Sun May 3 16:09:16 2015: Remaining 0 B
Sun May 3 16:10:16 2015: FreeBytes 118.39 GiB
Sun May 3 16:10:16 2015: Downloaded 314.53 MiB
Sun May 3 16:10:16 2015: Remaining 0 B
Sun May 3 16:11:16 2015: FreeBytes 118.39 GiB
Sun May 3 16:11:16 2015: Downloaded 314.53 MiB
Sun May 3 16:11:16 2015: Remaining 0 B
Sun May 3 16:12:16 2015: FreeBytes 118.39 GiB
Sun May 3 16:12:16 2015: Downloaded 314.53 MiB
Sun May 3 16:12:16 2015: Remaining 0 B
Sun May 3 16:12:46 2015: Saving 0 chunk downloads
Sun May 3 16:12:46 2015: Saving list of peers to /home/fighting/.kde/share/apps/kget/tmp/[HUDBT].宋冬野 - 安和桥北 2013 - FLAC 分轨/peer_list
Sun May 3 16:12:46 2015: Loading list of peers from /home/fighting/.kde/share/apps/kget/tmp/[HUDBT].宋冬野 - 安和桥北 2013 - FLAC 分轨/peer_list
Sun May 3 16:12:46 2015: Loading 0 active chunk downloads
Sun May 3 16:12:46 2015: Doing tracker request to url (via KIO): http://hudbt.hust.edu.cn/announce.php?passkey=10c026186268bd94d3b9aca971e61ee3&peer_id=-KG21310fsThJIEuzpS5&port=6881&uploaded=0&downloaded=0&left=329769745&compact=1&numwant=200&key=559978735&ip=2001%3ADA8%3AE000%3A1260%3AC150%3A60D4%3A6101%3A1B90&event=started&info_hash=%fd%25W%cf%8d%d9S%1b%1b%08!%aa%d4%a0%aeBVn%b6%0f
Sun May 3 16:12:46 2015: Selected tracker http://hudbt.hust.edu.cn/announce.php?passkey=10c026186268bd94d3b9aca971e61ee3 (tier = 1)
Sun May 3 16:13:16 2015: FreeBytes 118.39 GiB
Sun May 3 16:13:16 2015: Downloaded 314.53 MiB
Sun May 3 16:13:16 2015: Remaining 0 B
Sun May 3 16:14:16 2015: FreeBytes 118.39 GiB
Sun May 3 16:14:16 2015: Downloaded 314.53 MiB
Sun May 3 16:14:16 2015: Remaining 0 B
Sun May 3 16:15:16 2015: FreeBytes 118.39 GiB
Sun May 3 16:15:16 2015: Downloaded 314.53 MiB
Sun May 3 16:15:16 2015: Remaining 0 B
Sun May 3 16:16:16 2015: FreeBytes 118.39 GiB
Sun May 3 16:16:16 2015: Downloaded 314.53 MiB
Sun May 3 16:16:16 2015: Remaining 0 B
Sun May 3 16:17:16 2015: FreeBytes 118.39 GiB
Sun May 3 16:17:16 2015: Downloaded 314.53 MiB
Sun May 3 16:17:16 2015: Remaining 0 B
Sun May 3 16:18:16 2015: FreeBytes 118.39 GiB
Sun May 3 16:18:16 2015: Downloaded 314.53 MiB
Sun May 3 16:18:16 2015: Remaining 0 B
Sun May 3 16:19:16 2015: FreeBytes 118.39 GiB
Sun May 3 16:19:16 2015: Downloaded 314.53 MiB
Sun May 3 16:19:16 2015: Remaining 0 B
Sun May 3 16:20:16 2015: FreeBytes 118.39 GiB
Sun May 3 16:20:16 2015: Downloaded 314.53 MiB
Sun May 3 16:20:16 2015: Remaining 0 B
Sun May 3 16:21:16 2015: FreeBytes 118.39 GiB
Sun May 3 16:21:16 2015: Downloaded 314.53 MiB
Sun May 3 16:21:16 2015: Remaining 0 B
Sun May 3 16:22:16 2015: FreeBytes 118.39 GiB
Sun May 3 16:22:16 2015: Downloaded 314.53 MiB
Sun May 3 16:22:16 2015: Remaining 0 B
Sun May 3 16:22:46 2015: Saving 0 chunk downloads
Sun May 3 16:22:46 2015: Saving list of peers to /home/fighting/.kde/share/apps/kget/tmp/[HUDBT].宋冬野 - 安和桥北 2013 - FLAC 分轨/peer_list
Sun May 3 16:22:46 2015: Loading list of peers from /home/fighting/.kde/share/apps/kget/tmp/[HUDBT].宋冬野 - 安和桥北 2013 - FLAC 分轨/peer_list
Sun May 3 16:22:46 2015: Loading 0 active chunk downloads
Sun May 3 16:22:46 2015: Doing tracker request to url (via KIO): http://hudbt.hust.edu.cn/announce.php?passkey=10c026186268bd94d3b9aca971e61ee3&peer_id=-KG21310fsThJIEuzpS5&port=6881&uploaded=0&downloaded=0&left=329769745&compact=1&numwant=200&key=559978735&ip=2001%3ADA8%3AE000%3A1260%3AC150%3A60D4%3A6101%3A1B90&event=started&info_hash=%fd%25W%cf%8d%d9S%1b%1b%08!%aa%d4%a0%aeBVn%b6%0f
Sun May 3 16:22:46 2015: Selected tracker http://hudbt.hust.edu.cn/announce.php?passkey=10c026186268bd94d3b9aca971e61ee3 (tier = 1)
Sun May 3 16:23:16 2015: FreeBytes 118.39 GiB
Sun May 3 16:23:16 2015: Downloaded 314.53 MiB
Sun May 3 16:23:16 2015: Remaining 0 B
Sun May 3 16:24:16 2015: FreeBytes 118.39 GiB
Sun May 3 16:24:16 2015: Downloaded 314.53 MiB
Sun May 3 16:24:16 2015: Remaining 0 B
Sun May 3 16:25:16 2015: FreeBytes 118.39 GiB
Sun May 3 16:25:16 2015: Downloaded 314.53 MiB
Sun May 3 16:25:16 2015: Remaining 0 B
Sun May 3 16:26:16 2015: FreeBytes 118.39 GiB
Sun May 3 16:26:16 2015: Downloaded 314.53 MiB
Sun May 3 16:26:16 2015: Remaining 0 B
Sun May 3 16:27:16 2015: FreeBytes 118.39 GiB
Sun May 3 16:27:16 2015: Downloaded 314.53 MiB
Sun May 3 16:27:16 2015: Remaining 0 B
Sun May 3 16:28:16 2015: FreeBytes 118.39 GiB
Sun May 3 16:28:16 2015: Downloaded 314.53 MiB
Sun May 3 16:28:16 2015: Remaining 0 B
Sun May 3 16:29:16 2015: FreeBytes 118.39 GiB
Sun May 3 16:29:16 2015: Downloaded 314.53 MiB
Sun May 3 16:29:16 2015: Remaining 0 B
Sun May 3 16:30:16 2015: FreeBytes 118.39 GiB
Sun May 3 16:30:16 2015: Downloaded 314.53 MiB
Sun May 3 16:30:16 2015: Remaining 0 B
Sun May 3 16:31:16 2015: FreeBytes 118.39 GiB
Sun May 3 16:31:16 2015: Downloaded 314.53 MiB
Sun May 3 16:31:16 2015: Remaining 0 B
Sun May 3 16:32:16 2015: FreeBytes 118.39 GiB
Sun May 3 16:32:16 2015: Downloaded 314.53 MiB
Sun May 3 16:32:16 2015: Remaining 0 B
Sun May 3 16:32:46 2015: Saving 0 chunk downloads
Sun May 3 16:32:46 2015: Saving list of peers to /home/fighting/.kde/share/apps/kget/tmp/[HUDBT].宋冬野 - 安和桥北 2013 - FLAC 分轨/peer_list
Sun May 3 16:32:46 2015: Loading list of peers from /home/fighting/.kde/share/apps/kget/tmp/[HUDBT].宋冬野 - 安和桥北 2013 - FLAC 分轨/peer_list
Sun May 3 16:32:46 2015: Loading 0 active chunk downloads
Sun May 3 16:32:46 2015: Doing tracker request to url (via KIO): http://hudbt.hust.edu.cn/announce.php?passkey=10c026186268bd94d3b9aca971e61ee3&peer_id=-KG21310fsThJIEuzpS5&port=6881&uploaded=0&downloaded=0&left=329769745&compact=1&numwant=200&key=559978735&ip=2001%3ADA8%3AE000%3A1260%3AC150%3A60D4%3A6101%3A1B90&event=started&info_hash=%fd%25W%cf%8d%d9S%1b%1b%08!%aa%d4%a0%aeBVn%b6%0f
Sun May 3 16:32:46 2015: Selected tracker http://hudbt.hust.edu.cn/announce.php?passkey=10c026186268bd94d3b9aca971e61ee3 (tier = 1)
Sun May 3 16:33:16 2015: FreeBytes 118.39 GiB
Sun May 3 16:33:16 2015: Downloaded 314.53 MiB
Sun May 3 16:33:16 2015: Remaining 0 B
Sun May 3 16:34:16 2015: FreeBytes 118.39 GiB
Sun May 3 16:34:16 2015: Downloaded 314.53 MiB
Sun May 3 16:34:16 2015: Remaining 0 B
Sun May 3 16:35:16 2015: FreeBytes 118.39 GiB
Sun May 3 16:35:16 2015: Downloaded 314.53 MiB
Sun May 3 16:35:16 2015: Remaining 0 B
Sun May 3 16:36:16 2015: FreeBytes 118.39 GiB
Sun May 3 16:36:16 2015: Downloaded 314.53 MiB
Sun May 3 16:36:16 2015: Remaining 0 B
Sun May 3 16:37:16 2015: FreeBytes 118.39 GiB
Sun May 3 16:37:16 2015: Downloaded 314.53 MiB
Sun May 3 16:37:16 2015: Remaining 0 B
Sun May 3 16:38:16 2015: FreeBytes 118.39 GiB
Sun May 3 16:38:16 2015: Downloaded 314.53 MiB
Sun May 3 16:38:16 2015: Remaining 0 B
Sun May 3 16:39:16 2015: FreeBytes 118.39 GiB
Sun May 3 16:39:16 2015: Downloaded 314.53 MiB
Sun May 3 16:39:16 2015: Remaining 0 B
Sun May 3 16:40:16 2015: FreeBytes 118.39 GiB
Sun May 3 16:40:16 2015: Downloaded 314.53 MiB
Sun May 3 16:40:16 2015: Remaining 0 B
Sun May 3 16:41:16 2015: FreeBytes 118.39 GiB
Sun May 3 16:41:16 2015: Downloaded 314.53 MiB
Sun May 3 16:41:16 2015: Remaining 0 B
Sun May 3 16:42:16 2015: FreeBytes 118.39 GiB
Sun May 3 16:42:16 2015: Downloaded 314.53 MiB
Sun May 3 16:42:16 2015: Remaining 0 B
Sun May 3 16:42:46 2015: Saving 0 chunk downloads
Sun May 3 16:42:46 2015: Saving list of peers to /home/fighting/.kde/share/apps/kget/tmp/[HUDBT].宋冬野 - 安和桥北 2013 - FLAC 分轨/peer_list
Sun May 3 16:42:46 2015: Loading list of peers from /home/fighting/.kde/share/apps/kget/tmp/[HUDBT].宋冬野 - 安和桥北 2013 - FLAC 分轨/peer_list
Sun May 3 16:42:46 2015: Loading 0 active chunk downloads
Sun May 3 16:42:46 2015: Doing tracker request to url (via KIO): http://hudbt.hust.edu.cn/announce.php?passkey=10c026186268bd94d3b9aca971e61ee3&peer_id=-KG21310fsThJIEuzpS5&port=6881&uploaded=0&downloaded=0&left=329769745&compact=1&numwant=200&key=559978735&ip=2001%3ADA8%3AE000%3A1260%3AC150%3A60D4%3A6101%3A1B90&event=started&info_hash=%fd%25W%cf%8d%d9S%1b%1b%08!%aa%d4%a0%aeBVn%b6%0f
Sun May 3 16:42:46 2015: Selected tracker http://hudbt.hust.edu.cn/announce.php?passkey=10c026186268bd94d3b9aca971e61ee3 (tier = 1)
Sun May 3 16:43:16 2015: FreeBytes 118.39 GiB
Sun May 3 16:43:16 2015: Downloaded 314.53 MiB
Sun May 3 16:43:16 2015: Remaining 0 B
Sun May 3 16:44:16 2015: FreeBytes 118.39 GiB
Sun May 3 16:44:16 2015: Downloaded 314.53 MiB
Sun May 3 16:44:16 2015: Remaining 0 B
Sun May 3 16:45:16 2015: FreeBytes 118.39 GiB
Sun May 3 16:45:16 2015: Downloaded 314.53 MiB
Sun May 3 16:45:16 2015: Remaining 0 B
Sun May 3 16:46:16 2015: FreeBytes 118.39 GiB
Sun May 3 16:46:16 2015: Downloaded 314.53 MiB
Sun May 3 16:46:16 2015: Remaining 0 B
Sun May 3 16:47:16 2015: FreeBytes 118.39 GiB
Sun May 3 16:47:16 2015: Downloaded 314.53 MiB
Sun May 3 16:47:16 2015: Remaining 0 B
Sun May 3 16:48:16 2015: FreeBytes 118.39 GiB
Sun May 3 16:48:16 2015: Downloaded 314.53 MiB
Sun May 3 16:48:16 2015: Remaining 0 B
Sun May 3 16:49:16 2015: FreeBytes 118.39 GiB
Sun May 3 16:49:16 2015: Downloaded 314.53 MiB
Sun May 3 16:49:16 2015: Remaining 0 B
Sun May 3 16:50:16 2015: FreeBytes 118.40 GiB
Sun May 3 16:50:16 2015: Downloaded 314.53 MiB
Sun May 3 16:50:16 2015: Remaining 0 B
Sun May 3 16:51:16 2015: FreeBytes 118.39 GiB
Sun May 3 16:51:16 2015: Downloaded 314.53 MiB
Sun May 3 16:51:16 2015: Remaining 0 B
Sun May 3 16:52:16 2015: FreeBytes 118.39 GiB
Sun May 3 16:52:16 2015: Downloaded 314.53 MiB
Sun May 3 16:52:16 2015: Remaining 0 B
Sun May 3 16:52:46 2015: Saving 0 chunk downloads
Sun May 3 16:52:46 2015: Saving list of peers to /home/fighting/.kde/share/apps/kget/tmp/[HUDBT].宋冬野 - 安和桥北 2013 - FLAC 分轨/peer_list
Sun May 3 16:52:46 2015: Loading list of peers from /home/fighting/.kde/share/apps/kget/tmp/[HUDBT].宋冬野 - 安和桥北 2013 - FLAC 分轨/peer_list
Sun May 3 16:52:46 2015: Loading 0 active chunk downloads
Sun May 3 16:52:46 2015: Doing tracker request to url (via KIO): http://hudbt.hust.edu.cn/announce.php?passkey=10c026186268bd94d3b9aca971e61ee3&peer_id=-KG21310fsThJIEuzpS5&port=6881&uploaded=0&downloaded=0&left=329769745&compact=1&numwant=200&key=559978735&ip=2001%3ADA8%3AE000%3A1260%3AC150%3A60D4%3A6101%3A1B90&event=started&info_hash=%fd%25W%cf%8d%d9S%1b%1b%08!%aa%d4%a0%aeBVn%b6%0f
Sun May 3 16:52:46 2015: Selected tracker http://hudbt.hust.edu.cn/announce.php?passkey=10c026186268bd94d3b9aca971e61ee3 (tier = 1)
Sun May 3 16:53:17 2015: FreeBytes 118.39 GiB
Sun May 3 16:53:17 2015: Downloaded 314.53 MiB
Sun May 3 16:53:17 2015: Remaining 0 B
Sun May 3 16:54:17 2015: FreeBytes 118.39 GiB
Sun May 3 16:54:17 2015: Downloaded 314.53 MiB
Sun May 3 16:54:17 2015: Remaining 0 B
Sun May 3 16:55:17 2015: FreeBytes 118.39 GiB
Sun May 3 16:55:17 2015: Downloaded 314.53 MiB
Sun May 3 16:55:17 2015: Remaining 0 B
Sun May 3 16:56:17 2015: FreeBytes 118.40 GiB
Sun May 3 16:56:17 2015: Downloaded 314.53 MiB
Sun May 3 16:56:17 2015: Remaining 0 B
Sun May 3 16:57:17 2015: FreeBytes 118.40 GiB
Sun May 3 16:57:17 2015: Downloaded 314.53 MiB
Sun May 3 16:57:17 2015: Remaining 0 B
Sun May 3 16:58:17 2015: FreeBytes 118.39 GiB
Sun May 3 16:58:17 2015: Downloaded 314.53 MiB
Sun May 3 16:58:17 2015: Remaining 0 B
Sun May 3 16:59:17 2015: FreeBytes 118.39 GiB
Sun May 3 16:59:17 2015: Downloaded 314.53 MiB
Sun May 3 16:59:17 2015: Remaining 0 B
Sun May 3 17:00:17 2015: FreeBytes 118.39 GiB
Sun May 3 17:00:17 2015: Downloaded 314.53 MiB
Sun May 3 17:00:17 2015: Remaining 0 B
Sun May 3 17:01:17 2015: FreeBytes 118.39 GiB
Sun May 3 17:01:17 2015: Downloaded 314.53 MiB
Sun May 3 17:01:17 2015: Remaining 0 B
Sun May 3 17:02:17 2015: FreeBytes 118.39 GiB
Sun May 3 17:02:17 2015: Downloaded 314.53 MiB
Sun May 3 17:02:17 2015: Remaining 0 B
Sun May 3 17:02:46 2015: Saving 0 chunk downloads
Sun May 3 17:02:46 2015: Saving list of peers to /home/fighting/.kde/share/apps/kget/tmp/[HUDBT].宋冬野 - 安和桥北 2013 - FLAC 分轨/peer_list
Sun May 3 17:02:46 2015: Loading list of peers from /home/fighting/.kde/share/apps/kget/tmp/[HUDBT].宋冬野 - 安和桥北 2013 - FLAC 分轨/peer_list
Sun May 3 17:02:46 2015: Loading 0 active chunk downloads
Sun May 3 17:02:46 2015: Doing tracker request to url (via KIO): http://hudbt.hust.edu.cn/announce.php?passkey=10c026186268bd94d3b9aca971e61ee3&peer_id=-KG21310fsThJIEuzpS5&port=6881&uploaded=0&downloaded=0&left=329769745&compact=1&numwant=200&key=559978735&ip=2001%3ADA8%3AE000%3A1260%3AC150%3A60D4%3A6101%3A1B90&event=started&info_hash=%fd%25W%cf%8d%d9S%1b%1b%08!%aa%d4%a0%aeBVn%b6%0f
Sun May 3 17:02:46 2015: Selected tracker http://hudbt.hust.edu.cn/announce.php?passkey=10c026186268bd94d3b9aca971e61ee3 (tier = 1)
Sun May 3 17:03:17 2015: FreeBytes 118.39 GiB
Sun May 3 17:03:17 2015: Downloaded 314.53 MiB
Sun May 3 17:03:17 2015: Remaining 0 B
Sun May 3 17:04:17 2015: FreeBytes 118.39 GiB
Sun May 3 17:04:17 2015: Downloaded 314.53 MiB
Sun May 3 17:04:17 2015: Remaining 0 B
Sun May 3 17:05:17 2015: FreeBytes 118.39 GiB
Sun May 3 17:05:17 2015: Downloaded 314.53 MiB
Sun May 3 17:05:17 2015: Remaining 0 B
Sun May 3 17:06:17 2015: FreeBytes 118.39 GiB
Sun May 3 17:06:17 2015: Downloaded 314.53 MiB
Sun May 3 17:06:17 2015: Remaining 0 B
Sun May 3 17:07:17 2015: FreeBytes 118.33 GiB
Sun May 3 17:07:17 2015: Downloaded 314.53 MiB
Sun May 3 17:07:17 2015: Remaining 0 B
