 Information | Description 
-------------|-----------------------------
 Type        | Error
 Date        | Thu Jan 15 2015 15:17:46 GMT+0800 (CST)
 File        | file:///js/codemirror.min.js
 Line Number | 8
 Message     | Uncaught TypeError: Object #<error> has no method 'indexOf'

 Information | Description 
-------------|-----------------------------
 Type        | Error
 Date        | Thu Jan 15 2015 15:17:46 GMT+0800 (CST)
 File        | file:///js/codemirror.min.js
 Line Number | 8
 Message     | Uncaught TypeError: Object #<error> has no method 'indexOf'

 Information | Description 
-------------|-----------------------------
 Type        | Error
 Date        | Thu Jan 15 2015 15:17:46 GMT+0800 (CST)
 File        | file:///js/codemirror.min.js
 Line Number | 8
 Message     | Uncaught TypeError: Object #<error> has no method 'indexOf'

 Information | Description 
-------------|-----------------------------
 Type        | Error
 Date        | Thu Jan 15 2015 15:17:46 GMT+0800 (CST)
 File        | file:///js/codemirror.min.js
 Line Number | 8
 Message     | Uncaught TypeError: Object #<error> has no method 'indexOf'

 Information | Description 
-------------|-----------------------------
 Type        | Error
 Date        | Thu Jan 15 2015 15:17:46 GMT+0800 (CST)
 File        | file:///js/codemirror.min.js
 Line Number | 8
 Message     | Uncaught TypeError: Object #<error> has no method 'indexOf'

 Information | Description 
-------------|-----------------------------
 Type        | Error
 Date        | Thu Jan 15 2015 15:17:47 GMT+0800 (CST)
 File        | file:///js/codemirror.min.js
 Line Number | 8
 Message     | Uncaught TypeError: Object #<error> has no method 'indexOf'

 Information | Description 
-------------|-----------------------------
 Type        | Error
 Date        | Thu Jan 15 2015 15:17:47 GMT+0800 (CST)
 File        | file:///js/codemirror.min.js
 Line Number | 8
 Message     | Uncaught TypeError: Object #<error> has no method 'indexOf'

 Information | Description 
-------------|-----------------------------
 Type        | Error
 Date        | Thu Jan 15 2015 15:17:47 GMT+0800 (CST)
 File        | file:///js/codemirror.min.js
 Line Number | 8
 Message     | Uncaught TypeError: Object #<error> has no method 'indexOf'

 Information | Description 
-------------|-----------------------------
 Type        | Error
 Date        | Thu Jan 15 2015 15:17:47 GMT+0800 (CST)
 File        | file:///js/codemirror.min.js
 Line Number | 8
 Message     | Uncaught TypeError: Object #<error> has no method 'indexOf'

 Information | Description 
-------------|-----------------------------
 Type        | Error
 Date        | Thu Jan 15 2015 15:17:48 GMT+0800 (CST)
 File        | file:///js/codemirror.min.js
 Line Number | 8
 Message     | Uncaught TypeError: Object #<error> has no method 'indexOf'

 Information | Description 
-------------|-----------------------------
 Type        | Error
 Date        | Thu Jan 15 2015 15:17:48 GMT+0800 (CST)
 File        | file:///js/codemirror.min.js
 Line Number | 8
 Message     | Uncaught TypeError: Object #<error> has no method 'indexOf'

 Information | Description 
-------------|-----------------------------
 Type        | Error
 Date        | Thu Jan 15 2015 15:17:49 GMT+0800 (CST)
 File        | file:///js/codemirror.min.js
 Line Number | 8
 Message     | Uncaught TypeError: Object #<error> has no method 'indexOf'

 Information | Description 
-------------|-----------------------------
 Type        | Error
 Date        | Thu Jan 15 2015 15:17:49 GMT+0800 (CST)
 File        | file:///js/codemirror.min.js
 Line Number | 8
 Message     | Uncaught TypeError: Object #<error> has no method 'indexOf'

 Information | Description 
-------------|-----------------------------
 Type        | Error
 Date        | Thu Jan 15 2015 15:17:49 GMT+0800 (CST)
 File        | file:///js/codemirror.min.js
 Line Number | 8
 Message     | Uncaught TypeError: Object #<error> has no method 'indexOf'

 Information | Description 
-------------|-----------------------------
 Type        | Error
 Date        | Thu Jan 15 2015 15:17:49 GMT+0800 (CST)
 File        | file:///js/codemirror.min.js
 Line Number | 8
 Message     | Uncaught TypeError: Object #<error> has no method 'indexOf'

 Information | Description 
-------------|-----------------------------
 Type        | Error
 Date        | Thu Jan 15 2015 15:17:50 GMT+0800 (CST)
 File        | file:///js/codemirror.min.js
 Line Number | 8
 Message     | Uncaught TypeError: Object #<error> has no method 'indexOf'

 Information | Description 
-------------|-----------------------------
 Type        | Error
 Date        | Thu Jan 15 2015 15:17:50 GMT+0800 (CST)
 File        | file:///js/codemirror.min.js
 Line Number | 8
 Message     | Uncaught TypeError: Object #<error> has no method 'indexOf'

 Information | Description 
-------------|-----------------------------
 Type        | Error
 Date        | Thu Jan 15 2015 15:17:50 GMT+0800 (CST)
 File        | file:///js/codemirror.min.js
 Line Number | 8
 Message     | Uncaught TypeError: Object #<error> has no method 'indexOf'

 Information | Description 
-------------|-----------------------------
 Type        | Error
 Date        | Thu Jan 15 2015 15:17:50 GMT+0800 (CST)
 File        | file:///js/codemirror.min.js
 Line Number | 8
 Message     | Uncaught TypeError: Object #<error> has no method 'indexOf'

 Information | Description 
-------------|-----------------------------
 Type        | Error
 Date        | Thu Jan 15 2015 15:17:50 GMT+0800 (CST)
 File        | file:///js/codemirror.min.js
 Line Number | 8
 Message     | Uncaught TypeError: Object #<error> has no method 'indexOf'

 Information | Description 
-------------|-----------------------------
 Type        | Error
 Date        | Thu Jan 15 2015 15:17:54 GMT+0800 (CST)
 File        | file:///js/codemirror.min.js
 Line Number | 8
 Message     | Uncaught TypeError: Object #<error> has no method 'indexOf'

 Information | Description 
-------------|-----------------------------
 Type        | Error
 Date        | Thu Jan 15 2015 15:17:54 GMT+0800 (CST)
 File        | file:///js/codemirror.min.js
 Line Number | 8
 Message     | Uncaught TypeError: Object #<error> has no method 'indexOf'

 Information | Description 
-------------|-----------------------------
 Type        | Error
 Date        | Thu Jan 15 2015 15:17:56 GMT+0800 (CST)
 File        | file:///js/codemirror.min.js
 Line Number | 8
 Message     | Uncaught TypeError: Object #<error> has no method 'indexOf'

 Information | Description 
-------------|-----------------------------
 Type        | Error
 Date        | Thu Jan 15 2015 15:17:56 GMT+0800 (CST)
 File        | file:///js/codemirror.min.js
 Line Number | 8
 Message     | Uncaught TypeError: Object #<error> has no method 'indexOf'

 Information | Description 
-------------|-----------------------------
 Type        | Error
 Date        | Thu Jan 15 2015 15:17:56 GMT+0800 (CST)
 File        | file:///js/codemirror.min.js
 Line Number | 8
 Message     | Uncaught TypeError: Object #<error> has no method 'indexOf'

 Information | Description 
-------------|-----------------------------
 Type        | Error
 Date        | Thu Jan 15 2015 15:17:57 GMT+0800 (CST)
 File        | file:///js/codemirror.min.js
 Line Number | 8
 Message     | Uncaught TypeError: Object #<error> has no method 'indexOf'

 Information | Description 
-------------|-----------------------------
 Type        | Error
 Date        | Thu Jan 15 2015 15:17:57 GMT+0800 (CST)
 File        | file:///js/codemirror.min.js
 Line Number | 8
 Message     | Uncaught TypeError: Object #<error> has no method 'indexOf'

 Information | Description 
-------------|-----------------------------
 Type        | Error
 Date        | Thu Jan 15 2015 15:17:57 GMT+0800 (CST)
 File        | file:///js/codemirror.min.js
 Line Number | 8
 Message     | Uncaught TypeError: Object #<error> has no method 'indexOf'

 Information | Description 
-------------|-----------------------------
 Type        | Error
 Date        | Thu Jan 15 2015 15:17:57 GMT+0800 (CST)
 File        | file:///js/codemirror.min.js
 Line Number | 8
 Message     | Uncaught TypeError: Object #<error> has no method 'indexOf'

 Information | Description 
-------------|-----------------------------
 Type        | Error
 Date        | Thu Jan 15 2015 15:17:57 GMT+0800 (CST)
 File        | file:///js/codemirror.min.js
 Line Number | 8
 Message     | Uncaught TypeError: Object #<error> has no method 'indexOf'

 Information | Description 
-------------|-----------------------------
 Type        | Error
 Date        | Thu Jan 15 2015 15:17:57 GMT+0800 (CST)
 File        | file:///js/codemirror.min.js
 Line Number | 8
 Message     | Uncaught TypeError: Object #<error> has no method 'indexOf'

 Information | Description 
-------------|-----------------------------
 Type        | Error
 Date        | Thu Jan 15 2015 15:17:57 GMT+0800 (CST)
 File        | file:///js/codemirror.min.js
 Line Number | 8
 Message     | Uncaught TypeError: Object #<error> has no method 'indexOf'

 Information | Description 
-------------|-----------------------------
 Type        | Error
 Date        | Thu Jan 15 2015 15:17:58 GMT+0800 (CST)
 File        | file:///js/codemirror.min.js
 Line Number | 8
 Message     | Uncaught TypeError: Object #<error> has no method 'indexOf'

 Information | Description 
-------------|-----------------------------
 Type        | Error
 Date        | Thu Jan 15 2015 15:17:58 GMT+0800 (CST)
 File        | file:///js/codemirror.min.js
 Line Number | 8
 Message     | Uncaught TypeError: Object #<error> has no method 'indexOf'

 Information | Description 
-------------|-----------------------------
 Type        | Error
 Date        | Thu Jan 15 2015 15:17:59 GMT+0800 (CST)
 File        | file:///js/codemirror.min.js
 Line Number | 8
 Message     | Uncaught TypeError: Object #<error> has no method 'indexOf'

 Information | Description 
-------------|-----------------------------
 Type        | Error
 Date        | Thu Jan 15 2015 15:17:59 GMT+0800 (CST)
 File        | file:///js/codemirror.min.js
 Line Number | 8
 Message     | Uncaught TypeError: Object #<error> has no method 'indexOf'

 Information | Description 
-------------|-----------------------------
 Type        | Error
 Date        | Thu Jan 15 2015 15:17:59 GMT+0800 (CST)
 File        | file:///js/codemirror.min.js
 Line Number | 8
 Message     | Uncaught TypeError: Object #<error> has no method 'indexOf'

 Information | Description 
-------------|-----------------------------
 Type        | Error
 Date        | Thu Jan 15 2015 15:17:59 GMT+0800 (CST)
 File        | file:///js/codemirror.min.js
 Line Number | 8
 Message     | Uncaught TypeError: Object #<error> has no method 'indexOf'

 Information | Description 
-------------|-----------------------------
 Type        | Error
 Date        | Thu Jan 15 2015 15:17:59 GMT+0800 (CST)
 File        | file:///js/codemirror.min.js
 Line Number | 8
 Message     | Uncaught TypeError: Object #<error> has no method 'indexOf'

 Information | Description 
-------------|-----------------------------
 Type        | Error
 Date        | Thu Jan 15 2015 15:18:00 GMT+0800 (CST)
 File        | file:///js/codemirror.min.js
 Line Number | 8
 Message     | Uncaught TypeError: Object #<error> has no method 'indexOf'

 Information | Description 
-------------|-----------------------------
 Type        | Error
 Date        | Thu Jan 15 2015 15:18:00 GMT+0800 (CST)
 File        | file:///js/codemirror.min.js
 Line Number | 8
 Message     | Uncaught TypeError: Object #<error> has no method 'indexOf'

 Information | Description 
-------------|-----------------------------
 Type        | Error
 Date        | Thu Jan 15 2015 15:18:00 GMT+0800 (CST)
 File        | file:///js/codemirror.min.js
 Line Number | 8
 Message     | Uncaught TypeError: Object #<error> has no method 'indexOf'

 Information | Description 
-------------|-----------------------------
 Type        | Error
 Date        | Thu Jan 15 2015 15:18:00 GMT+0800 (CST)
 File        | file:///js/codemirror.min.js
 Line Number | 8
 Message     | Uncaught TypeError: Object #<error> has no method 'indexOf'

 Information | Description 
-------------|-----------------------------
 Type        | Error
 Date        | Thu Jan 15 2015 15:18:01 GMT+0800 (CST)
 File        | file:///js/codemirror.min.js
 Line Number | 8
 Message     | Uncaught TypeError: Object #<error> has no method 'indexOf'

 Information | Description 
-------------|-----------------------------
 Type        | Error
 Date        | Thu Jan 15 2015 15:18:03 GMT+0800 (CST)
 File        | file:///js/codemirror.min.js
 Line Number | 8
 Message     | Uncaught TypeError: Object #<error> has no method 'indexOf'

 Information | Description 
-------------|-----------------------------
 Type        | Error
 Date        | Thu Jan 15 2015 15:18:04 GMT+0800 (CST)
 File        | file:///js/codemirror.min.js
 Line Number | 8
 Message     | Uncaught TypeError: Object #<error> has no method 'indexOf'

 Information | Description 
-------------|-----------------------------
 Type        | Error
 Date        | Thu Jan 15 2015 15:18:04 GMT+0800 (CST)
 File        | file:///js/codemirror.min.js
 Line Number | 8
 Message     | Uncaught TypeError: Object #<error> has no method 'indexOf'

 Information | Description 
-------------|-----------------------------
 Type        | Error
 Date        | Thu Jan 15 2015 15:18:04 GMT+0800 (CST)
 File        | file:///js/codemirror.min.js
 Line Number | 8
 Message     | Uncaught TypeError: Object #<error> has no method 'indexOf'

 Information | Description 
-------------|-----------------------------
 Type        | Error
 Date        | Thu Jan 15 2015 15:18:04 GMT+0800 (CST)
 File        | file:///js/codemirror.min.js
 Line Number | 8
 Message     | Uncaught TypeError: Object #<error> has no method 'indexOf'

 Information | Description 
-------------|-----------------------------
 Type        | Error
 Date        | Thu Jan 15 2015 15:18:06 GMT+0800 (CST)
 File        | file:///js/codemirror.min.js
 Line Number | 8
 Message     | Uncaught TypeError: Object #<error> has no method 'indexOf'

 Information | Description 
-------------|-----------------------------
 Type        | Error
 Date        | Thu Jan 15 2015 15:18:07 GMT+0800 (CST)
 File        | file:///js/codemirror.min.js
 Line Number | 8
 Message     | Uncaught TypeError: Object #<error> has no method 'indexOf'

 Information | Description 
-------------|-----------------------------
 Type        | Error
 Date        | Thu Jan 15 2015 15:24:43 GMT+0800 (CST)
 File        | file:///js/codemirror.min.js
 Line Number | 8
 Message     | Uncaught TypeError: Object #<error> has no method 'indexOf'

 Information | Description 
-------------|-----------------------------
 Type        | Error
 Date        | Thu Jan 15 2015 15:24:44 GMT+0800 (CST)
 File        | file:///js/codemirror.min.js
 Line Number | 8
 Message     | Uncaught TypeError: Object #<error> has no method 'indexOf'

 Information | Description 
-------------|-----------------------------
 Type        | Error
 Date        | Thu Jan 15 2015 15:24:44 GMT+0800 (CST)
 File        | file:///js/codemirror.min.js
 Line Number | 8
 Message     | Uncaught TypeError: Object #<error> has no method 'indexOf'

 Information | Description 
-------------|-----------------------------
 Type        | Error
 Date        | Thu Jan 15 2015 15:24:44 GMT+0800 (CST)
 File        | file:///js/codemirror.min.js
 Line Number | 8
 Message     | Uncaught TypeError: Object #<error> has no method 'indexOf'

 Information | Description 
-------------|-----------------------------
 Type        | Error
 Date        | Thu Jan 15 2015 15:24:44 GMT+0800 (CST)
 File        | file:///js/codemirror.min.js
 Line Number | 8
 Message     | Uncaught TypeError: Object #<error> has no method 'indexOf'

 Information | Description 
-------------|-----------------------------
 Type        | Error
 Date        | Thu Jan 15 2015 15:24:45 GMT+0800 (CST)
 File        | file:///js/codemirror.min.js
 Line Number | 8
 Message     | Uncaught TypeError: Object #<error> has no method 'indexOf'

 Information | Description 
-------------|-----------------------------
 Type        | Error
 Date        | Thu Jan 15 2015 15:24:45 GMT+0800 (CST)
 File        | file:///js/codemirror.min.js
 Line Number | 8
 Message     | Uncaught TypeError: Object #<error> has no method 'indexOf'

 Information | Description 
-------------|-----------------------------
 Type        | Error
 Date        | Thu Jan 15 2015 15:24:52 GMT+0800 (CST)
 File        | file:///js/codemirror.min.js
 Line Number | 8
 Message     | Uncaught TypeError: Object #<error> has no method 'indexOf'

 Information | Description 
-------------|-----------------------------
 Type        | Error
 Date        | Thu Jan 15 2015 15:24:57 GMT+0800 (CST)
 File        | file:///js/codemirror.min.js
 Line Number | 8
 Message     | Uncaught TypeError: Object #<error> has no method 'indexOf'

 Information | Description 
-------------|-----------------------------
 Type        | Error
 Date        | Thu Jan 15 2015 15:24:57 GMT+0800 (CST)
 File        | file:///js/codemirror.min.js
 Line Number | 8
 Message     | Uncaught TypeError: Object #<error> has no method 'indexOf'

 Information | Description 
-------------|-----------------------------
 Type        | Error
 Date        | Thu Jan 15 2015 15:24:57 GMT+0800 (CST)
 File        | file:///js/codemirror.min.js
 Line Number | 8
 Message     | Uncaught TypeError: Object #<error> has no method 'indexOf'

 Information | Description 
-------------|-----------------------------
 Type        | Error
 Date        | Thu Jan 15 2015 15:24:58 GMT+0800 (CST)
 File        | file:///js/codemirror.min.js
 Line Number | 8
 Message     | Uncaught TypeError: Object #<error> has no method 'indexOf'

 Information | Description 
-------------|-----------------------------
 Type        | Error
 Date        | Thu Jan 15 2015 15:24:58 GMT+0800 (CST)
 File        | file:///js/codemirror.min.js
 Line Number | 8
 Message     | Uncaught TypeError: Object #<error> has no method 'indexOf'

 Information | Description 
-------------|-----------------------------
 Type        | Error
 Date        | Thu Jan 15 2015 15:24:58 GMT+0800 (CST)
 File        | file:///js/codemirror.min.js
 Line Number | 8
 Message     | Uncaught TypeError: Object #<error> has no method 'indexOf'

 Information | Description 
-------------|-----------------------------
 Type        | Error
 Date        | Thu Jan 15 2015 15:24:58 GMT+0800 (CST)
 File        | file:///js/codemirror.min.js
 Line Number | 8
 Message     | Uncaught TypeError: Object #<error> has no method 'indexOf'

 Information | Description 
-------------|-----------------------------
 Type        | Error
 Date        | Thu Jan 15 2015 15:24:59 GMT+0800 (CST)
 File        | file:///js/codemirror.min.js
 Line Number | 8
 Message     | Uncaught TypeError: Object #<error> has no method 'indexOf'

 Information | Description 
-------------|-----------------------------
 Type        | Error
 Date        | Thu Jan 15 2015 15:24:59 GMT+0800 (CST)
 File        | file:///js/codemirror.min.js
 Line Number | 8
 Message     | Uncaught TypeError: Object #<error> has no method 'indexOf'

 Information | Description 
-------------|-----------------------------
 Type        | Error
 Date        | Thu Jan 15 2015 15:24:59 GMT+0800 (CST)
 File        | file:///js/codemirror.min.js
 Line Number | 8
 Message     | Uncaught TypeError: Object #<error> has no method 'indexOf'

 Information | Description 
-------------|-----------------------------
 Type        | Error
 Date        | Thu Jan 15 2015 15:24:59 GMT+0800 (CST)
 File        | file:///js/codemirror.min.js
 Line Number | 8
 Message     | Uncaught TypeError: Object #<error> has no method 'indexOf'

 Information | Description 
-------------|-----------------------------
 Type        | Error
 Date        | Thu Jan 15 2015 15:33:57 GMT+0800 (CST)
 File        | file:///js/codemirror.min.js
 Line Number | 8
 Message     | Uncaught TypeError: Object #<error> has no method 'indexOf'

 Information | Description 
-------------|-----------------------------
 Type        | Error
 Date        | Thu Jan 15 2015 15:33:57 GMT+0800 (CST)
 File        | file:///js/codemirror.min.js
 Line Number | 8
 Message     | Uncaught TypeError: Object #<error> has no method 'indexOf'

 Information | Description 
-------------|-----------------------------
 Type        | Error
 Date        | Thu Jan 15 2015 15:33:58 GMT+0800 (CST)
 File        | file:///js/codemirror.min.js
 Line Number | 8
 Message     | Uncaught TypeError: Object #<error> has no method 'indexOf'

 Information | Description 
-------------|-----------------------------
 Type        | Error
 Date        | Thu Jan 15 2015 15:33:58 GMT+0800 (CST)
 File        | file:///js/codemirror.min.js
 Line Number | 8
 Message     | Uncaught TypeError: Object #<error> has no method 'indexOf'

 Information | Description 
-------------|-----------------------------
 Type        | Error
 Date        | Thu Jan 15 2015 15:33:59 GMT+0800 (CST)
 File        | file:///js/codemirror.min.js
 Line Number | 8
 Message     | Uncaught TypeError: Object #<error> has no method 'indexOf'

 Information | Description 
-------------|-----------------------------
 Type        | Error
 Date        | Thu Jan 15 2015 15:33:59 GMT+0800 (CST)
 File        | file:///js/codemirror.min.js
 Line Number | 8
 Message     | Uncaught TypeError: Object #<error> has no method 'indexOf'

 Information | Description 
-------------|-----------------------------
 Type        | Error
 Date        | Thu Jan 15 2015 15:34:00 GMT+0800 (CST)
 File        | file:///js/codemirror.min.js
 Line Number | 8
 Message     | Uncaught TypeError: Object #<error> has no method 'indexOf'

 Information | Description 
-------------|-----------------------------
 Type        | Error
 Date        | Thu Jan 15 2015 15:34:00 GMT+0800 (CST)
 File        | file:///js/codemirror.min.js
 Line Number | 8
 Message     | Uncaught TypeError: Object #<error> has no method 'indexOf'

 Information | Description 
-------------|-----------------------------
 Type        | Error
 Date        | Thu Jan 15 2015 21:30:56 GMT+0800 (CST)
 File        | file:///js/codemirror.min.js
 Line Number | 8
 Message     | Uncaught TypeError: Object #<error> has no method 'indexOf'

 Information | Description 
-------------|-----------------------------
 Type        | Error
 Date        | Thu Jan 15 2015 21:30:56 GMT+0800 (CST)
 File        | file:///js/codemirror.min.js
 Line Number | 8
 Message     | Uncaught TypeError: Object #<error> has no method 'indexOf'

 Information | Description 
-------------|-----------------------------
 Type        | Error
 Date        | Thu Jan 15 2015 21:30:57 GMT+0800 (CST)
 File        | file:///js/codemirror.min.js
 Line Number | 8
 Message     | Uncaught TypeError: Object #<error> has no method 'indexOf'

 Information | Description 
-------------|-----------------------------
 Type        | Error
 Date        | Thu Jan 15 2015 21:30:57 GMT+0800 (CST)
 File        | file:///js/codemirror.min.js
 Line Number | 8
 Message     | Uncaught TypeError: Object #<error> has no method 'indexOf'

 Information | Description 
-------------|-----------------------------
 Type        | Error
 Date        | Thu Jan 15 2015 21:30:58 GMT+0800 (CST)
 File        | file:///js/codemirror.min.js
 Line Number | 8
 Message     | Uncaught TypeError: Object #<error> has no method 'indexOf'

