 Information | Description 
-------------|-----------------------------
 Type        | UncaughtException 
 Date        | Fri Jan 23 2015 08:58:42 GMT+0800 (CST)
 Agent       | Mozilla/5.0 (X11; Linux x86_64) AppleWebKit/537.36 (KHTML, like Gecko) Chrome/38.0.2125.104 Safari/537.36
 Stack       | ReferenceError: MathJax is not defined
    at processMathJax (file:///tmp/.org.chromium.Chromium.8luEAD/js/viewer.min.js:62:3200)
    at drawMathJax (file:///tmp/.org.chromium.Chromium.8luEAD/js/viewer.min.js:62:3456)
    at update (file:///tmp/.org.chromium.Chromium.8luEAD/js/viewer.min.js:62:5568)

 Information | Description 
-------------|-----------------------------
 Type        | UncaughtException 
 Date        | Fri Jan 23 2015 08:58:42 GMT+0800 (CST)
 Agent       | Mozilla/5.0 (X11; Linux x86_64) AppleWebKit/537.36 (KHTML, like Gecko) Chrome/38.0.2125.104 Safari/537.36
 Stack       | ReferenceError: MathJax is not defined
    at processMathJax (file:///tmp/.org.chromium.Chromium.8luEAD/js/viewer.min.js:62:3200)
    at drawMathJax (file:///tmp/.org.chromium.Chromium.8luEAD/js/viewer.min.js:62:3456)
    at update (file:///tmp/.org.chromium.Chromium.8luEAD/js/viewer.min.js:62:5568)

 Information | Description 
-------------|-----------------------------
 Type        | Error
 Date        | Fri Jan 23 2015 08:58:42 GMT+0800 (CST)
 Agent       | Mozilla/5.0 (X11; Linux x86_64) AppleWebKit/537.36 (KHTML, like Gecko) Chrome/38.0.2125.104 Safari/537.36
 File        | file:///js/viewer.min.js
 Line Number | 62
 Message     | Uncaught ReferenceError: MathJax is not defined

 Information | Description 
-------------|-----------------------------
 Type        | UncaughtException 
 Date        | Fri Jan 23 2015 11:19:00 GMT+0800 (CST)
 Agent       | Mozilla/5.0 (X11; Linux x86_64) AppleWebKit/537.36 (KHTML, like Gecko) Chrome/38.0.2125.104 Safari/537.36
 Stack       | ReferenceError: MathJax is not defined
    at processMathJax (file:///tmp/.org.chromium.Chromium.JZKsb6/js/viewer.min.js:62:3200)
    at drawMathJax (file:///tmp/.org.chromium.Chromium.JZKsb6/js/viewer.min.js:62:3456)
    at update (file:///tmp/.org.chromium.Chromium.JZKsb6/js/viewer.min.js:62:5568)

 Information | Description 
-------------|-----------------------------
 Type        | UncaughtException 
 Date        | Fri Jan 23 2015 11:19:00 GMT+0800 (CST)
 Agent       | Mozilla/5.0 (X11; Linux x86_64) AppleWebKit/537.36 (KHTML, like Gecko) Chrome/38.0.2125.104 Safari/537.36
 Stack       | ReferenceError: MathJax is not defined
    at processMathJax (file:///tmp/.org.chromium.Chromium.JZKsb6/js/viewer.min.js:62:3200)
    at drawMathJax (file:///tmp/.org.chromium.Chromium.JZKsb6/js/viewer.min.js:62:3456)
    at update (file:///tmp/.org.chromium.Chromium.JZKsb6/js/viewer.min.js:62:5568)

 Information | Description 
-------------|-----------------------------
 Type        | Error
 Date        | Fri Jan 23 2015 11:19:00 GMT+0800 (CST)
 Agent       | Mozilla/5.0 (X11; Linux x86_64) AppleWebKit/537.36 (KHTML, like Gecko) Chrome/38.0.2125.104 Safari/537.36
 File        | file:///js/viewer.min.js
 Line Number | 62
 Message     | Uncaught ReferenceError: MathJax is not defined

