 Information | Description 
-------------|-----------------------------
 Type        | Error
 Date        | Sun Dec 21 2014 11:17:31 GMT+0800 (CST)
 File        | file:///js/codemirror.min.js
 Line Number | 8
 Message     | Uncaught TypeError: Object #<error> has no method 'indexOf'

 Information | Description 
-------------|-----------------------------
 Type        | Error
 Date        | Sun Dec 21 2014 11:17:31 GMT+0800 (CST)
 File        | file:///js/codemirror.min.js
 Line Number | 8
 Message     | Uncaught TypeError: Object #<error> has no method 'indexOf'

 Information | Description 
-------------|-----------------------------
 Type        | Error
 Date        | Sun Dec 21 2014 11:17:31 GMT+0800 (CST)
 File        | file:///js/codemirror.min.js
 Line Number | 8
 Message     | Uncaught TypeError: Object #<error> has no method 'indexOf'

 Information | Description 
-------------|-----------------------------
 Type        | Error
 Date        | Sun Dec 21 2014 11:17:31 GMT+0800 (CST)
 File        | file:///js/codemirror.min.js
 Line Number | 8
 Message     | Uncaught TypeError: Object #<error> has no method 'indexOf'

 Information | Description 
-------------|-----------------------------
 Type        | Error
 Date        | Sun Dec 21 2014 11:17:31 GMT+0800 (CST)
 File        | file:///js/codemirror.min.js
 Line Number | 8
 Message     | Uncaught TypeError: Object #<error> has no method 'indexOf'

 Information | Description 
-------------|-----------------------------
 Type        | Error
 Date        | Sun Dec 21 2014 11:17:32 GMT+0800 (CST)
 File        | file:///js/codemirror.min.js
 Line Number | 8
 Message     | Uncaught TypeError: Object #<error> has no method 'indexOf'

 Information | Description 
-------------|-----------------------------
 Type        | Error
 Date        | Sun Dec 21 2014 11:17:32 GMT+0800 (CST)
 File        | file:///js/codemirror.min.js
 Line Number | 8
 Message     | Uncaught TypeError: Object #<error> has no method 'indexOf'

 Information | Description 
-------------|-----------------------------
 Type        | Error
 Date        | Sun Dec 21 2014 11:17:32 GMT+0800 (CST)
 File        | file:///js/codemirror.min.js
 Line Number | 8
 Message     | Uncaught TypeError: Object #<error> has no method 'indexOf'

 Information | Description 
-------------|-----------------------------
 Type        | Error
 Date        | Sun Dec 21 2014 11:17:32 GMT+0800 (CST)
 File        | file:///js/codemirror.min.js
 Line Number | 8
 Message     | Uncaught TypeError: Object #<error> has no method 'indexOf'

 Information | Description 
-------------|-----------------------------
 Type        | Error
 Date        | Sun Dec 21 2014 11:17:32 GMT+0800 (CST)
 File        | file:///js/codemirror.min.js
 Line Number | 8
 Message     | Uncaught TypeError: Object #<error> has no method 'indexOf'

 Information | Description 
-------------|-----------------------------
 Type        | Error
 Date        | Sun Dec 21 2014 11:17:32 GMT+0800 (CST)
 File        | file:///js/codemirror.min.js
 Line Number | 8
 Message     | Uncaught TypeError: Object #<error> has no method 'indexOf'

 Information | Description 
-------------|-----------------------------
 Type        | Error
 Date        | Sun Dec 21 2014 11:17:34 GMT+0800 (CST)
 File        | file:///js/codemirror.min.js
 Line Number | 8
 Message     | Uncaught TypeError: Object #<error> has no method 'indexOf'

 Information | Description 
-------------|-----------------------------
 Type        | Error
 Date        | Sun Dec 21 2014 11:17:35 GMT+0800 (CST)
 File        | file:///js/codemirror.min.js
 Line Number | 8
 Message     | Uncaught TypeError: Object #<error> has no method 'indexOf'

 Information | Description 
-------------|-----------------------------
 Type        | Error
 Date        | Sun Dec 21 2014 11:17:35 GMT+0800 (CST)
 File        | file:///js/codemirror.min.js
 Line Number | 8
 Message     | Uncaught TypeError: Object #<error> has no method 'indexOf'

 Information | Description 
-------------|-----------------------------
 Type        | Error
 Date        | Sun Dec 21 2014 11:17:40 GMT+0800 (CST)
 File        | file:///js/codemirror.min.js
 Line Number | 8
 Message     | Uncaught TypeError: Object #<error> has no method 'indexOf'

 Information | Description 
-------------|-----------------------------
 Type        | Error
 Date        | Sun Dec 21 2014 11:17:40 GMT+0800 (CST)
 File        | file:///js/codemirror.min.js
 Line Number | 8
 Message     | Uncaught TypeError: Object #<error> has no method 'indexOf'

 Information | Description 
-------------|-----------------------------
 Type        | Error
 Date        | Sun Dec 21 2014 11:17:40 GMT+0800 (CST)
 File        | file:///js/codemirror.min.js
 Line Number | 8
 Message     | Uncaught TypeError: Object #<error> has no method 'indexOf'

 Information | Description 
-------------|-----------------------------
 Type        | Error
 Date        | Sun Dec 21 2014 11:17:40 GMT+0800 (CST)
 File        | file:///js/codemirror.min.js
 Line Number | 8
 Message     | Uncaught TypeError: Object #<error> has no method 'indexOf'

 Information | Description 
-------------|-----------------------------
 Type        | Error
 Date        | Sun Dec 21 2014 11:17:41 GMT+0800 (CST)
 File        | file:///js/codemirror.min.js
 Line Number | 8
 Message     | Uncaught TypeError: Object #<error> has no method 'indexOf'

 Information | Description 
-------------|-----------------------------
 Type        | Error
 Date        | Sun Dec 21 2014 11:17:41 GMT+0800 (CST)
 File        | file:///js/codemirror.min.js
 Line Number | 8
 Message     | Uncaught TypeError: Object #<error> has no method 'indexOf'

 Information | Description 
-------------|-----------------------------
 Type        | Error
 Date        | Sun Dec 21 2014 11:17:41 GMT+0800 (CST)
 File        | file:///js/codemirror.min.js
 Line Number | 8
 Message     | Uncaught TypeError: Object #<error> has no method 'indexOf'

 Information | Description 
-------------|-----------------------------
 Type        | Error
 Date        | Sun Dec 21 2014 11:17:46 GMT+0800 (CST)
 File        | file:///js/codemirror.min.js
 Line Number | 8
 Message     | Uncaught TypeError: Object #<error> has no method 'indexOf'

 Information | Description 
-------------|-----------------------------
 Type        | Error
 Date        | Sun Dec 21 2014 11:17:46 GMT+0800 (CST)
 File        | file:///js/codemirror.min.js
 Line Number | 8
 Message     | Uncaught TypeError: Object #<error> has no method 'indexOf'

 Information | Description 
-------------|-----------------------------
 Type        | Error
 Date        | Sun Dec 21 2014 11:17:47 GMT+0800 (CST)
 File        | file:///js/codemirror.min.js
 Line Number | 8
 Message     | Uncaught TypeError: Object #<error> has no method 'indexOf'

 Information | Description 
-------------|-----------------------------
 Type        | Error
 Date        | Sun Dec 21 2014 11:17:47 GMT+0800 (CST)
 File        | file:///js/codemirror.min.js
 Line Number | 8
 Message     | Uncaught TypeError: Object #<error> has no method 'indexOf'

 Information | Description 
-------------|-----------------------------
 Type        | Error
 Date        | Sun Dec 21 2014 11:17:47 GMT+0800 (CST)
 File        | file:///js/codemirror.min.js
 Line Number | 8
 Message     | Uncaught TypeError: Object #<error> has no method 'indexOf'

 Information | Description 
-------------|-----------------------------
 Type        | Error
 Date        | Sun Dec 21 2014 11:17:47 GMT+0800 (CST)
 File        | file:///js/codemirror.min.js
 Line Number | 8
 Message     | Uncaught TypeError: Object #<error> has no method 'indexOf'

 Information | Description 
-------------|-----------------------------
 Type        | Error
 Date        | Sun Dec 21 2014 11:17:47 GMT+0800 (CST)
 File        | file:///js/codemirror.min.js
 Line Number | 8
 Message     | Uncaught TypeError: Object #<error> has no method 'indexOf'

 Information | Description 
-------------|-----------------------------
 Type        | Error
 Date        | Sun Dec 21 2014 11:17:54 GMT+0800 (CST)
 File        | file:///js/codemirror.min.js
 Line Number | 8
 Message     | Uncaught TypeError: Object #<error> has no method 'indexOf'

 Information | Description 
-------------|-----------------------------
 Type        | Error
 Date        | Sun Dec 21 2014 11:17:56 GMT+0800 (CST)
 File        | file:///js/codemirror.min.js
 Line Number | 8
 Message     | Uncaught TypeError: Object #<error> has no method 'indexOf'

 Information | Description 
-------------|-----------------------------
 Type        | Error
 Date        | Sun Dec 21 2014 11:20:10 GMT+0800 (CST)
 File        | file:///js/codemirror.min.js
 Line Number | 8
 Message     | Uncaught TypeError: Object #<error> has no method 'indexOf'

 Information | Description 
-------------|-----------------------------
 Type        | Error
 Date        | Sun Dec 21 2014 11:20:10 GMT+0800 (CST)
 File        | file:///js/codemirror.min.js
 Line Number | 8
 Message     | Uncaught TypeError: Object #<error> has no method 'indexOf'

 Information | Description 
-------------|-----------------------------
 Type        | Error
 Date        | Sun Dec 21 2014 11:20:10 GMT+0800 (CST)
 File        | file:///js/codemirror.min.js
 Line Number | 8
 Message     | Uncaught TypeError: Object #<error> has no method 'indexOf'

 Information | Description 
-------------|-----------------------------
 Type        | Error
 Date        | Sun Dec 21 2014 11:20:11 GMT+0800 (CST)
 File        | file:///js/codemirror.min.js
 Line Number | 8
 Message     | Uncaught TypeError: Object #<error> has no method 'indexOf'

 Information | Description 
-------------|-----------------------------
 Type        | Error
 Date        | Sun Dec 21 2014 11:20:11 GMT+0800 (CST)
 File        | file:///js/codemirror.min.js
 Line Number | 8
 Message     | Uncaught TypeError: Object #<error> has no method 'indexOf'

 Information | Description 
-------------|-----------------------------
 Type        | Error
 Date        | Sun Dec 21 2014 11:20:12 GMT+0800 (CST)
 File        | file:///js/codemirror.min.js
 Line Number | 8
 Message     | Uncaught TypeError: Object #<error> has no method 'indexOf'

 Information | Description 
-------------|-----------------------------
 Type        | Error
 Date        | Sun Dec 21 2014 11:20:13 GMT+0800 (CST)
 File        | file:///js/codemirror.min.js
 Line Number | 8
 Message     | Uncaught TypeError: Object #<error> has no method 'indexOf'

 Information | Description 
-------------|-----------------------------
 Type        | Error
 Date        | Sun Dec 21 2014 11:21:32 GMT+0800 (CST)
 File        | file:///js/codemirror.min.js
 Line Number | 8
 Message     | Uncaught TypeError: Object #<error> has no method 'indexOf'

 Information | Description 
-------------|-----------------------------
 Type        | Error
 Date        | Sun Dec 21 2014 11:21:33 GMT+0800 (CST)
 File        | file:///js/codemirror.min.js
 Line Number | 8
 Message     | Uncaught TypeError: Object #<error> has no method 'indexOf'

 Information | Description 
-------------|-----------------------------
 Type        | Error
 Date        | Sun Dec 21 2014 11:21:34 GMT+0800 (CST)
 File        | file:///js/codemirror.min.js
 Line Number | 8
 Message     | Uncaught TypeError: Object #<error> has no method 'indexOf'

 Information | Description 
-------------|-----------------------------
 Type        | Error
 Date        | Sun Dec 21 2014 11:26:15 GMT+0800 (CST)
 File        | file:///js/codemirror.min.js
 Line Number | 8
 Message     | Uncaught TypeError: Object #<error> has no method 'indexOf'

 Information | Description 
-------------|-----------------------------
 Type        | Error
 Date        | Sun Dec 21 2014 11:26:15 GMT+0800 (CST)
 File        | file:///js/codemirror.min.js
 Line Number | 8
 Message     | Uncaught TypeError: Object #<error> has no method 'indexOf'

 Information | Description 
-------------|-----------------------------
 Type        | Error
 Date        | Sun Dec 21 2014 11:26:15 GMT+0800 (CST)
 File        | file:///js/codemirror.min.js
 Line Number | 8
 Message     | Uncaught TypeError: Object #<error> has no method 'indexOf'

 Information | Description 
-------------|-----------------------------
 Type        | Error
 Date        | Sun Dec 21 2014 11:26:16 GMT+0800 (CST)
 File        | file:///js/codemirror.min.js
 Line Number | 8
 Message     | Uncaught TypeError: Object #<error> has no method 'indexOf'

 Information | Description 
-------------|-----------------------------
 Type        | Error
 Date        | Sun Dec 21 2014 11:26:16 GMT+0800 (CST)
 File        | file:///js/codemirror.min.js
 Line Number | 8
 Message     | Uncaught TypeError: Object #<error> has no method 'indexOf'

 Information | Description 
-------------|-----------------------------
 Type        | Error
 Date        | Sun Dec 21 2014 11:26:16 GMT+0800 (CST)
 File        | file:///js/codemirror.min.js
 Line Number | 8
 Message     | Uncaught TypeError: Object #<error> has no method 'indexOf'

 Information | Description 
-------------|-----------------------------
 Type        | Error
 Date        | Sun Dec 21 2014 11:26:17 GMT+0800 (CST)
 File        | file:///js/codemirror.min.js
 Line Number | 8
 Message     | Uncaught TypeError: Object #<error> has no method 'indexOf'

 Information | Description 
-------------|-----------------------------
 Type        | Error
 Date        | Sun Dec 21 2014 11:26:42 GMT+0800 (CST)
 File        | file:///js/codemirror.min.js
 Line Number | 8
 Message     | Uncaught TypeError: Object #<error> has no method 'indexOf'

 Information | Description 
-------------|-----------------------------
 Type        | Error
 Date        | Sun Dec 21 2014 11:26:43 GMT+0800 (CST)
 File        | file:///js/codemirror.min.js
 Line Number | 8
 Message     | Uncaught TypeError: Object #<error> has no method 'indexOf'

 Information | Description 
-------------|-----------------------------
 Type        | Error
 Date        | Sun Dec 21 2014 11:26:43 GMT+0800 (CST)
 File        | file:///js/codemirror.min.js
 Line Number | 8
 Message     | Uncaught TypeError: Object #<error> has no method 'indexOf'

 Information | Description 
-------------|-----------------------------
 Type        | Error
 Date        | Sun Dec 21 2014 11:26:43 GMT+0800 (CST)
 File        | file:///js/codemirror.min.js
 Line Number | 8
 Message     | Uncaught TypeError: Object #<error> has no method 'indexOf'

 Information | Description 
-------------|-----------------------------
 Type        | Error
 Date        | Sun Dec 21 2014 11:26:45 GMT+0800 (CST)
 File        | file:///js/codemirror.min.js
 Line Number | 8
 Message     | Uncaught TypeError: Object #<error> has no method 'indexOf'

 Information | Description 
-------------|-----------------------------
 Type        | Error
 Date        | Sun Dec 21 2014 11:29:25 GMT+0800 (CST)
 File        | file:///js/codemirror.min.js
 Line Number | 8
 Message     | Uncaught TypeError: Object #<error> has no method 'indexOf'

 Information | Description 
-------------|-----------------------------
 Type        | Error
 Date        | Sun Dec 21 2014 11:29:25 GMT+0800 (CST)
 File        | file:///js/codemirror.min.js
 Line Number | 8
 Message     | Uncaught TypeError: Object #<error> has no method 'indexOf'

 Information | Description 
-------------|-----------------------------
 Type        | Error
 Date        | Sun Dec 21 2014 11:29:27 GMT+0800 (CST)
 File        | file:///js/codemirror.min.js
 Line Number | 8
 Message     | Uncaught TypeError: Object #<error> has no method 'indexOf'

 Information | Description 
-------------|-----------------------------
 Type        | Error
 Date        | Sun Dec 21 2014 11:29:29 GMT+0800 (CST)
 File        | file:///js/codemirror.min.js
 Line Number | 8
 Message     | Uncaught TypeError: Object #<error> has no method 'indexOf'

 Information | Description 
-------------|-----------------------------
 Type        | Error
 Date        | Sun Dec 21 2014 11:29:32 GMT+0800 (CST)
 File        | file:///js/codemirror.min.js
 Line Number | 8
 Message     | Uncaught TypeError: Object #<error> has no method 'indexOf'

 Information | Description 
-------------|-----------------------------
 Type        | Error
 Date        | Sun Dec 21 2014 11:29:32 GMT+0800 (CST)
 File        | file:///js/codemirror.min.js
 Line Number | 8
 Message     | Uncaught TypeError: Object #<error> has no method 'indexOf'

 Information | Description 
-------------|-----------------------------
 Type        | Error
 Date        | Sun Dec 21 2014 11:29:32 GMT+0800 (CST)
 File        | file:///js/codemirror.min.js
 Line Number | 8
 Message     | Uncaught TypeError: Object #<error> has no method 'indexOf'

 Information | Description 
-------------|-----------------------------
 Type        | Error
 Date        | Sun Dec 21 2014 11:29:32 GMT+0800 (CST)
 File        | file:///js/codemirror.min.js
 Line Number | 8
 Message     | Uncaught TypeError: Object #<error> has no method 'indexOf'

 Information | Description 
-------------|-----------------------------
 Type        | Error
 Date        | Sun Dec 21 2014 11:29:32 GMT+0800 (CST)
 File        | file:///js/codemirror.min.js
 Line Number | 8
 Message     | Uncaught TypeError: Object #<error> has no method 'indexOf'

 Information | Description 
-------------|-----------------------------
 Type        | Error
 Date        | Sun Dec 21 2014 11:29:32 GMT+0800 (CST)
 File        | file:///js/codemirror.min.js
 Line Number | 8
 Message     | Uncaught TypeError: Object #<error> has no method 'indexOf'

 Information | Description 
-------------|-----------------------------
 Type        | Error
 Date        | Sun Dec 21 2014 11:29:33 GMT+0800 (CST)
 File        | file:///js/codemirror.min.js
 Line Number | 8
 Message     | Uncaught TypeError: Object #<error> has no method 'indexOf'

 Information | Description 
-------------|-----------------------------
 Type        | Error
 Date        | Sun Dec 21 2014 11:29:33 GMT+0800 (CST)
 File        | file:///js/codemirror.min.js
 Line Number | 8
 Message     | Uncaught TypeError: Object #<error> has no method 'indexOf'

 Information | Description 
-------------|-----------------------------
 Type        | Error
 Date        | Sun Dec 21 2014 11:29:33 GMT+0800 (CST)
 File        | file:///js/codemirror.min.js
 Line Number | 8
 Message     | Uncaught TypeError: Object #<error> has no method 'indexOf'

 Information | Description 
-------------|-----------------------------
 Type        | Error
 Date        | Sun Dec 21 2014 11:29:33 GMT+0800 (CST)
 File        | file:///js/codemirror.min.js
 Line Number | 8
 Message     | Uncaught TypeError: Object #<error> has no method 'indexOf'

 Information | Description 
-------------|-----------------------------
 Type        | Error
 Date        | Sun Dec 21 2014 11:29:33 GMT+0800 (CST)
 File        | file:///js/codemirror.min.js
 Line Number | 8
 Message     | Uncaught TypeError: Object #<error> has no method 'indexOf'

 Information | Description 
-------------|-----------------------------
 Type        | Error
 Date        | Sun Dec 21 2014 11:29:33 GMT+0800 (CST)
 File        | file:///js/codemirror.min.js
 Line Number | 8
 Message     | Uncaught TypeError: Object #<error> has no method 'indexOf'

 Information | Description 
-------------|-----------------------------
 Type        | Error
 Date        | Sun Dec 21 2014 11:29:34 GMT+0800 (CST)
 File        | file:///js/codemirror.min.js
 Line Number | 8
 Message     | Uncaught TypeError: Object #<error> has no method 'indexOf'

 Information | Description 
-------------|-----------------------------
 Type        | Error
 Date        | Sun Dec 21 2014 11:29:34 GMT+0800 (CST)
 File        | file:///js/codemirror.min.js
 Line Number | 8
 Message     | Uncaught TypeError: Object #<error> has no method 'indexOf'

 Information | Description 
-------------|-----------------------------
 Type        | Error
 Date        | Sun Dec 21 2014 11:29:34 GMT+0800 (CST)
 File        | file:///js/codemirror.min.js
 Line Number | 8
 Message     | Uncaught TypeError: Object #<error> has no method 'indexOf'

 Information | Description 
-------------|-----------------------------
 Type        | Error
 Date        | Sun Dec 21 2014 11:29:35 GMT+0800 (CST)
 File        | file:///js/codemirror.min.js
 Line Number | 8
 Message     | Uncaught TypeError: Object #<error> has no method 'indexOf'

 Information | Description 
-------------|-----------------------------
 Type        | Error
 Date        | Sun Dec 21 2014 11:29:35 GMT+0800 (CST)
 File        | file:///js/codemirror.min.js
 Line Number | 8
 Message     | Uncaught TypeError: Object #<error> has no method 'indexOf'

 Information | Description 
-------------|-----------------------------
 Type        | Error
 Date        | Sun Dec 21 2014 11:29:35 GMT+0800 (CST)
 File        | file:///js/codemirror.min.js
 Line Number | 8
 Message     | Uncaught TypeError: Object #<error> has no method 'indexOf'

 Information | Description 
-------------|-----------------------------
 Type        | Error
 Date        | Sun Dec 21 2014 11:29:36 GMT+0800 (CST)
 File        | file:///js/codemirror.min.js
 Line Number | 8
 Message     | Uncaught TypeError: Object #<error> has no method 'indexOf'

 Information | Description 
-------------|-----------------------------
 Type        | Error
 Date        | Sun Dec 21 2014 11:29:36 GMT+0800 (CST)
 File        | file:///js/codemirror.min.js
 Line Number | 8
 Message     | Uncaught TypeError: Object #<error> has no method 'indexOf'

 Information | Description 
-------------|-----------------------------
 Type        | Error
 Date        | Sun Dec 21 2014 11:29:36 GMT+0800 (CST)
 File        | file:///js/codemirror.min.js
 Line Number | 8
 Message     | Uncaught TypeError: Object #<error> has no method 'indexOf'

 Information | Description 
-------------|-----------------------------
 Type        | Error
 Date        | Sun Dec 21 2014 11:29:36 GMT+0800 (CST)
 File        | file:///js/codemirror.min.js
 Line Number | 8
 Message     | Uncaught TypeError: Object #<error> has no method 'indexOf'

 Information | Description 
-------------|-----------------------------
 Type        | Error
 Date        | Sun Dec 21 2014 11:29:37 GMT+0800 (CST)
 File        | file:///js/codemirror.min.js
 Line Number | 8
 Message     | Uncaught TypeError: Object #<error> has no method 'indexOf'

 Information | Description 
-------------|-----------------------------
 Type        | Error
 Date        | Sun Dec 21 2014 11:29:37 GMT+0800 (CST)
 File        | file:///js/codemirror.min.js
 Line Number | 8
 Message     | Uncaught TypeError: Object #<error> has no method 'indexOf'

 Information | Description 
-------------|-----------------------------
 Type        | Error
 Date        | Sun Dec 21 2014 11:29:37 GMT+0800 (CST)
 File        | file:///js/codemirror.min.js
 Line Number | 8
 Message     | Uncaught TypeError: Object #<error> has no method 'indexOf'

 Information | Description 
-------------|-----------------------------
 Type        | Error
 Date        | Sun Dec 21 2014 11:29:37 GMT+0800 (CST)
 File        | file:///js/codemirror.min.js
 Line Number | 8
 Message     | Uncaught TypeError: Object #<error> has no method 'indexOf'

 Information | Description 
-------------|-----------------------------
 Type        | Error
 Date        | Sun Dec 21 2014 11:29:37 GMT+0800 (CST)
 File        | file:///js/codemirror.min.js
 Line Number | 8
 Message     | Uncaught TypeError: Object #<error> has no method 'indexOf'

 Information | Description 
-------------|-----------------------------
 Type        | Error
 Date        | Sun Dec 21 2014 11:32:27 GMT+0800 (CST)
 File        | file:///js/codemirror.min.js
 Line Number | 8
 Message     | Uncaught TypeError: Object #<error> has no method 'indexOf'

 Information | Description 
-------------|-----------------------------
 Type        | Error
 Date        | Sun Dec 21 2014 11:32:27 GMT+0800 (CST)
 File        | file:///js/codemirror.min.js
 Line Number | 8
 Message     | Uncaught TypeError: Object #<error> has no method 'indexOf'

 Information | Description 
-------------|-----------------------------
 Type        | Error
 Date        | Sun Dec 21 2014 11:32:34 GMT+0800 (CST)
 File        | file:///js/codemirror.min.js
 Line Number | 8
 Message     | Uncaught TypeError: Object #<error> has no method 'indexOf'

 Information | Description 
-------------|-----------------------------
 Type        | Error
 Date        | Sun Dec 21 2014 11:32:34 GMT+0800 (CST)
 File        | file:///js/codemirror.min.js
 Line Number | 8
 Message     | Uncaught TypeError: Object #<error> has no method 'indexOf'

