 Information | Description 
-------------|-----------------------------
 Type        | Error
 Date        | Thu Dec 25 2014 16:04:21 GMT+0800 (CST)
 File        | file:///js/codemirror.min.js
 Line Number | 8
 Message     | Uncaught TypeError: Object #<error> has no method 'indexOf'

 Information | Description 
-------------|-----------------------------
 Type        | Error
 Date        | Thu Dec 25 2014 16:04:21 GMT+0800 (CST)
 File        | file:///js/codemirror.min.js
 Line Number | 8
 Message     | Uncaught TypeError: Object #<error> has no method 'indexOf'

 Information | Description 
-------------|-----------------------------
 Type        | Error
 Date        | Thu Dec 25 2014 16:04:22 GMT+0800 (CST)
 File        | file:///js/codemirror.min.js
 Line Number | 8
 Message     | Uncaught TypeError: Object #<error> has no method 'indexOf'

 Information | Description 
-------------|-----------------------------
 Type        | Error
 Date        | Thu Dec 25 2014 16:04:22 GMT+0800 (CST)
 File        | file:///js/codemirror.min.js
 Line Number | 8
 Message     | Uncaught TypeError: Object #<error> has no method 'indexOf'

 Information | Description 
-------------|-----------------------------
 Type        | Error
 Date        | Thu Dec 25 2014 16:04:22 GMT+0800 (CST)
 File        | file:///js/codemirror.min.js
 Line Number | 8
 Message     | Uncaught TypeError: Object #<error> has no method 'indexOf'

 Information | Description 
-------------|-----------------------------
 Type        | Error
 Date        | Thu Dec 25 2014 16:04:23 GMT+0800 (CST)
 File        | file:///js/codemirror.min.js
 Line Number | 8
 Message     | Uncaught TypeError: Object #<error> has no method 'indexOf'

 Information | Description 
-------------|-----------------------------
 Type        | Error
 Date        | Thu Dec 25 2014 16:04:23 GMT+0800 (CST)
 File        | file:///js/codemirror.min.js
 Line Number | 8
 Message     | Uncaught TypeError: Object #<error> has no method 'indexOf'

 Information | Description 
-------------|-----------------------------
 Type        | Error
 Date        | Thu Dec 25 2014 16:04:23 GMT+0800 (CST)
 File        | file:///js/codemirror.min.js
 Line Number | 8
 Message     | Uncaught TypeError: Object #<error> has no method 'indexOf'

 Information | Description 
-------------|-----------------------------
 Type        | Error
 Date        | Thu Dec 25 2014 16:04:25 GMT+0800 (CST)
 File        | file:///js/codemirror.min.js
 Line Number | 8
 Message     | Uncaught TypeError: Object #<error> has no method 'indexOf'

 Information | Description 
-------------|-----------------------------
 Type        | Error
 Date        | Thu Dec 25 2014 16:04:25 GMT+0800 (CST)
 File        | file:///js/codemirror.min.js
 Line Number | 8
 Message     | Uncaught TypeError: Object #<error> has no method 'indexOf'

 Information | Description 
-------------|-----------------------------
 Type        | Error
 Date        | Thu Dec 25 2014 16:04:25 GMT+0800 (CST)
 File        | file:///js/codemirror.min.js
 Line Number | 8
 Message     | Uncaught TypeError: Object #<error> has no method 'indexOf'

 Information | Description 
-------------|-----------------------------
 Type        | Error
 Date        | Thu Dec 25 2014 16:04:25 GMT+0800 (CST)
 File        | file:///js/codemirror.min.js
 Line Number | 8
 Message     | Uncaught TypeError: Object #<error> has no method 'indexOf'

 Information | Description 
-------------|-----------------------------
 Type        | Error
 Date        | Thu Dec 25 2014 16:04:25 GMT+0800 (CST)
 File        | file:///js/codemirror.min.js
 Line Number | 8
 Message     | Uncaught TypeError: Object #<error> has no method 'indexOf'

 Information | Description 
-------------|-----------------------------
 Type        | Error
 Date        | Thu Dec 25 2014 16:04:26 GMT+0800 (CST)
 File        | file:///js/codemirror.min.js
 Line Number | 8
 Message     | Uncaught TypeError: Object #<error> has no method 'indexOf'

 Information | Description 
-------------|-----------------------------
 Type        | Error
 Date        | Thu Dec 25 2014 16:04:26 GMT+0800 (CST)
 File        | file:///js/codemirror.min.js
 Line Number | 8
 Message     | Uncaught TypeError: Object #<error> has no method 'indexOf'

 Information | Description 
-------------|-----------------------------
 Type        | Error
 Date        | Thu Dec 25 2014 16:04:26 GMT+0800 (CST)
 File        | file:///js/codemirror.min.js
 Line Number | 8
 Message     | Uncaught TypeError: Object #<error> has no method 'indexOf'

 Information | Description 
-------------|-----------------------------
 Type        | Error
 Date        | Thu Dec 25 2014 16:04:27 GMT+0800 (CST)
 File        | file:///js/codemirror.min.js
 Line Number | 8
 Message     | Uncaught TypeError: Object #<error> has no method 'indexOf'

 Information | Description 
-------------|-----------------------------
 Type        | Error
 Date        | Thu Dec 25 2014 16:04:27 GMT+0800 (CST)
 File        | file:///js/codemirror.min.js
 Line Number | 8
 Message     | Uncaught TypeError: Object #<error> has no method 'indexOf'

 Information | Description 
-------------|-----------------------------
 Type        | Error
 Date        | Thu Dec 25 2014 16:34:37 GMT+0800 (CST)
 File        | file:///js/codemirror.min.js
 Line Number | 8
 Message     | Uncaught TypeError: Object #<error> has no method 'indexOf'

 Information | Description 
-------------|-----------------------------
 Type        | Error
 Date        | Thu Dec 25 2014 16:53:10 GMT+0800 (CST)
 File        | file:///js/codemirror.min.js
 Line Number | 8
 Message     | Uncaught TypeError: Object #<error> has no method 'indexOf'

 Information | Description 
-------------|-----------------------------
 Type        | Error
 Date        | Thu Dec 25 2014 16:53:10 GMT+0800 (CST)
 File        | file:///js/codemirror.min.js
 Line Number | 8
 Message     | Uncaught TypeError: Object #<error> has no method 'indexOf'

 Information | Description 
-------------|-----------------------------
 Type        | Error
 Date        | Thu Dec 25 2014 16:53:10 GMT+0800 (CST)
 File        | file:///js/codemirror.min.js
 Line Number | 8
 Message     | Uncaught TypeError: Object #<error> has no method 'indexOf'

 Information | Description 
-------------|-----------------------------
 Type        | Error
 Date        | Thu Dec 25 2014 16:53:11 GMT+0800 (CST)
 File        | file:///js/codemirror.min.js
 Line Number | 8
 Message     | Uncaught TypeError: Object #<error> has no method 'indexOf'

 Information | Description 
-------------|-----------------------------
 Type        | Error
 Date        | Thu Dec 25 2014 16:53:11 GMT+0800 (CST)
 File        | file:///js/codemirror.min.js
 Line Number | 8
 Message     | Uncaught TypeError: Object #<error> has no method 'indexOf'

 Information | Description 
-------------|-----------------------------
 Type        | Error
 Date        | Thu Dec 25 2014 16:53:12 GMT+0800 (CST)
 File        | file:///js/codemirror.min.js
 Line Number | 8
 Message     | Uncaught TypeError: Object #<error> has no method 'indexOf'

 Information | Description 
-------------|-----------------------------
 Type        | Error
 Date        | Thu Dec 25 2014 16:53:12 GMT+0800 (CST)
 File        | file:///js/codemirror.min.js
 Line Number | 8
 Message     | Uncaught TypeError: Object #<error> has no method 'indexOf'

 Information | Description 
-------------|-----------------------------
 Type        | Error
 Date        | Thu Dec 25 2014 16:53:12 GMT+0800 (CST)
 File        | file:///js/codemirror.min.js
 Line Number | 8
 Message     | Uncaught TypeError: Object #<error> has no method 'indexOf'

 Information | Description 
-------------|-----------------------------
 Type        | Error
 Date        | Thu Dec 25 2014 16:53:12 GMT+0800 (CST)
 File        | file:///js/codemirror.min.js
 Line Number | 8
 Message     | Uncaught TypeError: Object #<error> has no method 'indexOf'

 Information | Description 
-------------|-----------------------------
 Type        | Error
 Date        | Thu Dec 25 2014 16:53:12 GMT+0800 (CST)
 File        | file:///js/codemirror.min.js
 Line Number | 8
 Message     | Uncaught TypeError: Object #<error> has no method 'indexOf'

 Information | Description 
-------------|-----------------------------
 Type        | Error
 Date        | Thu Dec 25 2014 16:53:12 GMT+0800 (CST)
 File        | file:///js/codemirror.min.js
 Line Number | 8
 Message     | Uncaught TypeError: Object #<error> has no method 'indexOf'

 Information | Description 
-------------|-----------------------------
 Type        | Error
 Date        | Thu Dec 25 2014 16:53:29 GMT+0800 (CST)
 File        | file:///js/codemirror.min.js
 Line Number | 8
 Message     | Uncaught TypeError: Object #<error> has no method 'indexOf'

 Information | Description 
-------------|-----------------------------
 Type        | Error
 Date        | Thu Dec 25 2014 16:53:42 GMT+0800 (CST)
 File        | file:///js/codemirror.min.js
 Line Number | 8
 Message     | Uncaught TypeError: Object #<error> has no method 'indexOf'

 Information | Description 
-------------|-----------------------------
 Type        | Error
 Date        | Thu Dec 25 2014 16:53:50 GMT+0800 (CST)
 File        | file:///js/codemirror.min.js
 Line Number | 8
 Message     | Uncaught TypeError: Object #<error> has no method 'indexOf'

 Information | Description 
-------------|-----------------------------
 Type        | Error
 Date        | Thu Dec 25 2014 16:53:50 GMT+0800 (CST)
 File        | file:///js/codemirror.min.js
 Line Number | 8
 Message     | Uncaught TypeError: Object #<error> has no method 'indexOf'

 Information | Description 
-------------|-----------------------------
 Type        | Error
 Date        | Thu Dec 25 2014 16:53:51 GMT+0800 (CST)
 File        | file:///js/codemirror.min.js
 Line Number | 8
 Message     | Uncaught TypeError: Object #<error> has no method 'indexOf'

 Information | Description 
-------------|-----------------------------
 Type        | Error
 Date        | Thu Dec 25 2014 16:53:51 GMT+0800 (CST)
 File        | file:///js/codemirror.min.js
 Line Number | 8
 Message     | Uncaught TypeError: Object #<error> has no method 'indexOf'

 Information | Description 
-------------|-----------------------------
 Type        | Error
 Date        | Thu Dec 25 2014 16:53:51 GMT+0800 (CST)
 File        | file:///js/codemirror.min.js
 Line Number | 8
 Message     | Uncaught TypeError: Object #<error> has no method 'indexOf'

 Information | Description 
-------------|-----------------------------
 Type        | Error
 Date        | Thu Dec 25 2014 16:53:51 GMT+0800 (CST)
 File        | file:///js/codemirror.min.js
 Line Number | 8
 Message     | Uncaught TypeError: Object #<error> has no method 'indexOf'

 Information | Description 
-------------|-----------------------------
 Type        | Error
 Date        | Thu Dec 25 2014 16:53:52 GMT+0800 (CST)
 File        | file:///js/codemirror.min.js
 Line Number | 8
 Message     | Uncaught TypeError: Object #<error> has no method 'indexOf'

 Information | Description 
-------------|-----------------------------
 Type        | Error
 Date        | Thu Dec 25 2014 16:53:52 GMT+0800 (CST)
 File        | file:///js/codemirror.min.js
 Line Number | 8
 Message     | Uncaught TypeError: Object #<error> has no method 'indexOf'

 Information | Description 
-------------|-----------------------------
 Type        | Error
 Date        | Thu Dec 25 2014 16:53:52 GMT+0800 (CST)
 File        | file:///js/codemirror.min.js
 Line Number | 8
 Message     | Uncaught TypeError: Object #<error> has no method 'indexOf'

 Information | Description 
-------------|-----------------------------
 Type        | Error
 Date        | Thu Dec 25 2014 16:53:53 GMT+0800 (CST)
 File        | file:///js/codemirror.min.js
 Line Number | 8
 Message     | Uncaught TypeError: Object #<error> has no method 'indexOf'

 Information | Description 
-------------|-----------------------------
 Type        | Error
 Date        | Thu Dec 25 2014 16:53:54 GMT+0800 (CST)
 File        | file:///js/codemirror.min.js
 Line Number | 8
 Message     | Uncaught TypeError: Object #<error> has no method 'indexOf'

 Information | Description 
-------------|-----------------------------
 Type        | Error
 Date        | Thu Dec 25 2014 16:53:54 GMT+0800 (CST)
 File        | file:///js/codemirror.min.js
 Line Number | 8
 Message     | Uncaught TypeError: Object #<error> has no method 'indexOf'

 Information | Description 
-------------|-----------------------------
 Type        | Error
 Date        | Thu Dec 25 2014 16:53:55 GMT+0800 (CST)
 File        | file:///js/codemirror.min.js
 Line Number | 8
 Message     | Uncaught TypeError: Object #<error> has no method 'indexOf'

 Information | Description 
-------------|-----------------------------
 Type        | Error
 Date        | Thu Dec 25 2014 16:53:58 GMT+0800 (CST)
 File        | file:///js/codemirror.min.js
 Line Number | 8
 Message     | Uncaught TypeError: Object #<error> has no method 'indexOf'

 Information | Description 
-------------|-----------------------------
 Type        | Error
 Date        | Thu Dec 25 2014 16:53:58 GMT+0800 (CST)
 File        | file:///js/codemirror.min.js
 Line Number | 8
 Message     | Uncaught TypeError: Object #<error> has no method 'indexOf'

 Information | Description 
-------------|-----------------------------
 Type        | Error
 Date        | Thu Dec 25 2014 16:53:58 GMT+0800 (CST)
 File        | file:///js/codemirror.min.js
 Line Number | 8
 Message     | Uncaught TypeError: Object #<error> has no method 'indexOf'

 Information | Description 
-------------|-----------------------------
 Type        | Error
 Date        | Thu Dec 25 2014 16:53:59 GMT+0800 (CST)
 File        | file:///js/codemirror.min.js
 Line Number | 8
 Message     | Uncaught TypeError: Object #<error> has no method 'indexOf'

 Information | Description 
-------------|-----------------------------
 Type        | Error
 Date        | Thu Dec 25 2014 16:53:59 GMT+0800 (CST)
 File        | file:///js/codemirror.min.js
 Line Number | 8
 Message     | Uncaught TypeError: Object #<error> has no method 'indexOf'

 Information | Description 
-------------|-----------------------------
 Type        | Error
 Date        | Thu Dec 25 2014 16:54:00 GMT+0800 (CST)
 File        | file:///js/codemirror.min.js
 Line Number | 8
 Message     | Uncaught TypeError: Object #<error> has no method 'indexOf'

 Information | Description 
-------------|-----------------------------
 Type        | Error
 Date        | Thu Dec 25 2014 16:54:00 GMT+0800 (CST)
 File        | file:///js/codemirror.min.js
 Line Number | 8
 Message     | Uncaught TypeError: Object #<error> has no method 'indexOf'

 Information | Description 
-------------|-----------------------------
 Type        | Error
 Date        | Thu Dec 25 2014 16:54:00 GMT+0800 (CST)
 File        | file:///js/codemirror.min.js
 Line Number | 8
 Message     | Uncaught TypeError: Object #<error> has no method 'indexOf'

 Information | Description 
-------------|-----------------------------
 Type        | Error
 Date        | Thu Dec 25 2014 16:54:00 GMT+0800 (CST)
 File        | file:///js/codemirror.min.js
 Line Number | 8
 Message     | Uncaught TypeError: Object #<error> has no method 'indexOf'

 Information | Description 
-------------|-----------------------------
 Type        | Error
 Date        | Thu Dec 25 2014 16:54:00 GMT+0800 (CST)
 File        | file:///js/codemirror.min.js
 Line Number | 8
 Message     | Uncaught TypeError: Object #<error> has no method 'indexOf'

 Information | Description 
-------------|-----------------------------
 Type        | Error
 Date        | Thu Dec 25 2014 16:54:00 GMT+0800 (CST)
 File        | file:///js/codemirror.min.js
 Line Number | 8
 Message     | Uncaught TypeError: Object #<error> has no method 'indexOf'

 Information | Description 
-------------|-----------------------------
 Type        | Error
 Date        | Thu Dec 25 2014 16:54:00 GMT+0800 (CST)
 File        | file:///js/codemirror.min.js
 Line Number | 8
 Message     | Uncaught TypeError: Object #<error> has no method 'indexOf'

 Information | Description 
-------------|-----------------------------
 Type        | Error
 Date        | Thu Dec 25 2014 16:54:00 GMT+0800 (CST)
 File        | file:///js/codemirror.min.js
 Line Number | 8
 Message     | Uncaught TypeError: Object #<error> has no method 'indexOf'

 Information | Description 
-------------|-----------------------------
 Type        | Error
 Date        | Thu Dec 25 2014 16:54:01 GMT+0800 (CST)
 File        | file:///js/codemirror.min.js
 Line Number | 8
 Message     | Uncaught TypeError: Object #<error> has no method 'indexOf'

 Information | Description 
-------------|-----------------------------
 Type        | Error
 Date        | Thu Dec 25 2014 16:54:01 GMT+0800 (CST)
 File        | file:///js/codemirror.min.js
 Line Number | 8
 Message     | Uncaught TypeError: Object #<error> has no method 'indexOf'

 Information | Description 
-------------|-----------------------------
 Type        | Error
 Date        | Thu Dec 25 2014 16:54:01 GMT+0800 (CST)
 File        | file:///js/codemirror.min.js
 Line Number | 8
 Message     | Uncaught TypeError: Object #<error> has no method 'indexOf'

 Information | Description 
-------------|-----------------------------
 Type        | Error
 Date        | Thu Dec 25 2014 16:54:01 GMT+0800 (CST)
 File        | file:///js/codemirror.min.js
 Line Number | 8
 Message     | Uncaught TypeError: Object #<error> has no method 'indexOf'

 Information | Description 
-------------|-----------------------------
 Type        | Error
 Date        | Thu Dec 25 2014 16:54:01 GMT+0800 (CST)
 File        | file:///js/codemirror.min.js
 Line Number | 8
 Message     | Uncaught TypeError: Object #<error> has no method 'indexOf'

 Information | Description 
-------------|-----------------------------
 Type        | Error
 Date        | Thu Dec 25 2014 16:54:01 GMT+0800 (CST)
 File        | file:///js/codemirror.min.js
 Line Number | 8
 Message     | Uncaught TypeError: Object #<error> has no method 'indexOf'

 Information | Description 
-------------|-----------------------------
 Type        | Error
 Date        | Thu Dec 25 2014 16:54:02 GMT+0800 (CST)
 File        | file:///js/codemirror.min.js
 Line Number | 8
 Message     | Uncaught TypeError: Object #<error> has no method 'indexOf'

 Information | Description 
-------------|-----------------------------
 Type        | Error
 Date        | Thu Dec 25 2014 16:54:02 GMT+0800 (CST)
 File        | file:///js/codemirror.min.js
 Line Number | 8
 Message     | Uncaught TypeError: Object #<error> has no method 'indexOf'

 Information | Description 
-------------|-----------------------------
 Type        | Error
 Date        | Thu Dec 25 2014 16:54:02 GMT+0800 (CST)
 File        | file:///js/codemirror.min.js
 Line Number | 8
 Message     | Uncaught TypeError: Object #<error> has no method 'indexOf'

 Information | Description 
-------------|-----------------------------
 Type        | Error
 Date        | Thu Dec 25 2014 16:54:02 GMT+0800 (CST)
 File        | file:///js/codemirror.min.js
 Line Number | 8
 Message     | Uncaught TypeError: Object #<error> has no method 'indexOf'

 Information | Description 
-------------|-----------------------------
 Type        | Error
 Date        | Thu Dec 25 2014 16:54:02 GMT+0800 (CST)
 File        | file:///js/codemirror.min.js
 Line Number | 8
 Message     | Uncaught TypeError: Object #<error> has no method 'indexOf'

 Information | Description 
-------------|-----------------------------
 Type        | Error
 Date        | Thu Dec 25 2014 16:54:03 GMT+0800 (CST)
 File        | file:///js/codemirror.min.js
 Line Number | 8
 Message     | Uncaught TypeError: Object #<error> has no method 'indexOf'

 Information | Description 
-------------|-----------------------------
 Type        | Error
 Date        | Thu Dec 25 2014 16:54:03 GMT+0800 (CST)
 File        | file:///js/codemirror.min.js
 Line Number | 8
 Message     | Uncaught TypeError: Object #<error> has no method 'indexOf'

 Information | Description 
-------------|-----------------------------
 Type        | Error
 Date        | Thu Dec 25 2014 16:54:03 GMT+0800 (CST)
 File        | file:///js/codemirror.min.js
 Line Number | 8
 Message     | Uncaught TypeError: Object #<error> has no method 'indexOf'

 Information | Description 
-------------|-----------------------------
 Type        | Error
 Date        | Thu Dec 25 2014 16:54:03 GMT+0800 (CST)
 File        | file:///js/codemirror.min.js
 Line Number | 8
 Message     | Uncaught TypeError: Object #<error> has no method 'indexOf'

 Information | Description 
-------------|-----------------------------
 Type        | Error
 Date        | Thu Dec 25 2014 16:54:04 GMT+0800 (CST)
 File        | file:///js/codemirror.min.js
 Line Number | 8
 Message     | Uncaught TypeError: Object #<error> has no method 'indexOf'

 Information | Description 
-------------|-----------------------------
 Type        | Error
 Date        | Thu Dec 25 2014 16:54:04 GMT+0800 (CST)
 File        | file:///js/codemirror.min.js
 Line Number | 8
 Message     | Uncaught TypeError: Object #<error> has no method 'indexOf'

 Information | Description 
-------------|-----------------------------
 Type        | Error
 Date        | Thu Dec 25 2014 16:54:04 GMT+0800 (CST)
 File        | file:///js/codemirror.min.js
 Line Number | 8
 Message     | Uncaught TypeError: Object #<error> has no method 'indexOf'

 Information | Description 
-------------|-----------------------------
 Type        | Error
 Date        | Thu Dec 25 2014 16:54:04 GMT+0800 (CST)
 File        | file:///js/codemirror.min.js
 Line Number | 8
 Message     | Uncaught TypeError: Object #<error> has no method 'indexOf'

 Information | Description 
-------------|-----------------------------
 Type        | Error
 Date        | Thu Dec 25 2014 16:54:04 GMT+0800 (CST)
 File        | file:///js/codemirror.min.js
 Line Number | 8
 Message     | Uncaught TypeError: Object #<error> has no method 'indexOf'

 Information | Description 
-------------|-----------------------------
 Type        | Error
 Date        | Thu Dec 25 2014 16:54:04 GMT+0800 (CST)
 File        | file:///js/codemirror.min.js
 Line Number | 8
 Message     | Uncaught TypeError: Object #<error> has no method 'indexOf'

 Information | Description 
-------------|-----------------------------
 Type        | Error
 Date        | Thu Dec 25 2014 16:54:05 GMT+0800 (CST)
 File        | file:///js/codemirror.min.js
 Line Number | 8
 Message     | Uncaught TypeError: Object #<error> has no method 'indexOf'

 Information | Description 
-------------|-----------------------------
 Type        | Error
 Date        | Thu Dec 25 2014 16:54:05 GMT+0800 (CST)
 File        | file:///js/codemirror.min.js
 Line Number | 8
 Message     | Uncaught TypeError: Object #<error> has no method 'indexOf'

 Information | Description 
-------------|-----------------------------
 Type        | Error
 Date        | Thu Dec 25 2014 16:54:05 GMT+0800 (CST)
 File        | file:///js/codemirror.min.js
 Line Number | 8
 Message     | Uncaught TypeError: Object #<error> has no method 'indexOf'

 Information | Description 
-------------|-----------------------------
 Type        | Error
 Date        | Thu Dec 25 2014 16:54:05 GMT+0800 (CST)
 File        | file:///js/codemirror.min.js
 Line Number | 8
 Message     | Uncaught TypeError: Object #<error> has no method 'indexOf'

 Information | Description 
-------------|-----------------------------
 Type        | Error
 Date        | Thu Dec 25 2014 16:54:05 GMT+0800 (CST)
 File        | file:///js/codemirror.min.js
 Line Number | 8
 Message     | Uncaught TypeError: Object #<error> has no method 'indexOf'

 Information | Description 
-------------|-----------------------------
 Type        | Error
 Date        | Thu Dec 25 2014 16:54:05 GMT+0800 (CST)
 File        | file:///js/codemirror.min.js
 Line Number | 8
 Message     | Uncaught TypeError: Object #<error> has no method 'indexOf'

 Information | Description 
-------------|-----------------------------
 Type        | Error
 Date        | Thu Dec 25 2014 16:54:05 GMT+0800 (CST)
 File        | file:///js/codemirror.min.js
 Line Number | 8
 Message     | Uncaught TypeError: Object #<error> has no method 'indexOf'

 Information | Description 
-------------|-----------------------------
 Type        | Error
 Date        | Thu Dec 25 2014 16:54:05 GMT+0800 (CST)
 File        | file:///js/codemirror.min.js
 Line Number | 8
 Message     | Uncaught TypeError: Object #<error> has no method 'indexOf'

 Information | Description 
-------------|-----------------------------
 Type        | Error
 Date        | Thu Dec 25 2014 16:54:06 GMT+0800 (CST)
 File        | file:///js/codemirror.min.js
 Line Number | 8
 Message     | Uncaught TypeError: Object #<error> has no method 'indexOf'

 Information | Description 
-------------|-----------------------------
 Type        | Error
 Date        | Thu Dec 25 2014 16:54:06 GMT+0800 (CST)
 File        | file:///js/codemirror.min.js
 Line Number | 8
 Message     | Uncaught TypeError: Object #<error> has no method 'indexOf'

 Information | Description 
-------------|-----------------------------
 Type        | Error
 Date        | Thu Dec 25 2014 16:54:06 GMT+0800 (CST)
 File        | file:///js/codemirror.min.js
 Line Number | 8
 Message     | Uncaught TypeError: Object #<error> has no method 'indexOf'

 Information | Description 
-------------|-----------------------------
 Type        | Error
 Date        | Thu Dec 25 2014 16:54:06 GMT+0800 (CST)
 File        | file:///js/codemirror.min.js
 Line Number | 8
 Message     | Uncaught TypeError: Object #<error> has no method 'indexOf'

 Information | Description 
-------------|-----------------------------
 Type        | Error
 Date        | Thu Dec 25 2014 16:54:07 GMT+0800 (CST)
 File        | file:///js/codemirror.min.js
 Line Number | 8
 Message     | Uncaught TypeError: Object #<error> has no method 'indexOf'

 Information | Description 
-------------|-----------------------------
 Type        | Error
 Date        | Thu Dec 25 2014 16:54:07 GMT+0800 (CST)
 File        | file:///js/codemirror.min.js
 Line Number | 8
 Message     | Uncaught TypeError: Object #<error> has no method 'indexOf'

 Information | Description 
-------------|-----------------------------
 Type        | Error
 Date        | Thu Dec 25 2014 16:54:07 GMT+0800 (CST)
 File        | file:///js/codemirror.min.js
 Line Number | 8
 Message     | Uncaught TypeError: Object #<error> has no method 'indexOf'

 Information | Description 
-------------|-----------------------------
 Type        | Error
 Date        | Thu Dec 25 2014 16:54:07 GMT+0800 (CST)
 File        | file:///js/codemirror.min.js
 Line Number | 8
 Message     | Uncaught TypeError: Object #<error> has no method 'indexOf'

 Information | Description 
-------------|-----------------------------
 Type        | Error
 Date        | Thu Dec 25 2014 16:54:09 GMT+0800 (CST)
 File        | file:///js/codemirror.min.js
 Line Number | 8
 Message     | Uncaught TypeError: Object #<error> has no method 'indexOf'

 Information | Description 
-------------|-----------------------------
 Type        | Error
 Date        | Thu Dec 25 2014 16:54:11 GMT+0800 (CST)
 File        | file:///js/codemirror.min.js
 Line Number | 8
 Message     | Uncaught TypeError: Object #<error> has no method 'indexOf'

 Information | Description 
-------------|-----------------------------
 Type        | Error
 Date        | Thu Dec 25 2014 16:54:12 GMT+0800 (CST)
 File        | file:///js/codemirror.min.js
 Line Number | 8
 Message     | Uncaught TypeError: Object #<error> has no method 'indexOf'

 Information | Description 
-------------|-----------------------------
 Type        | Error
 Date        | Thu Dec 25 2014 16:54:12 GMT+0800 (CST)
 File        | file:///js/codemirror.min.js
 Line Number | 8
 Message     | Uncaught TypeError: Object #<error> has no method 'indexOf'

 Information | Description 
-------------|-----------------------------
 Type        | Error
 Date        | Thu Dec 25 2014 16:54:12 GMT+0800 (CST)
 File        | file:///js/codemirror.min.js
 Line Number | 8
 Message     | Uncaught TypeError: Object #<error> has no method 'indexOf'

 Information | Description 
-------------|-----------------------------
 Type        | Error
 Date        | Thu Dec 25 2014 16:54:12 GMT+0800 (CST)
 File        | file:///js/codemirror.min.js
 Line Number | 8
 Message     | Uncaught TypeError: Object #<error> has no method 'indexOf'

 Information | Description 
-------------|-----------------------------
 Type        | Error
 Date        | Thu Dec 25 2014 16:54:12 GMT+0800 (CST)
 File        | file:///js/codemirror.min.js
 Line Number | 8
 Message     | Uncaught TypeError: Object #<error> has no method 'indexOf'

 Information | Description 
-------------|-----------------------------
 Type        | Error
 Date        | Thu Dec 25 2014 16:54:12 GMT+0800 (CST)
 File        | file:///js/codemirror.min.js
 Line Number | 8
 Message     | Uncaught TypeError: Object #<error> has no method 'indexOf'

 Information | Description 
-------------|-----------------------------
 Type        | Error
 Date        | Thu Dec 25 2014 16:54:12 GMT+0800 (CST)
 File        | file:///js/codemirror.min.js
 Line Number | 8
 Message     | Uncaught TypeError: Object #<error> has no method 'indexOf'

 Information | Description 
-------------|-----------------------------
 Type        | Error
 Date        | Thu Dec 25 2014 16:54:13 GMT+0800 (CST)
 File        | file:///js/codemirror.min.js
 Line Number | 8
 Message     | Uncaught TypeError: Object #<error> has no method 'indexOf'

 Information | Description 
-------------|-----------------------------
 Type        | Error
 Date        | Thu Dec 25 2014 16:54:13 GMT+0800 (CST)
 File        | file:///js/codemirror.min.js
 Line Number | 8
 Message     | Uncaught TypeError: Object #<error> has no method 'indexOf'

 Information | Description 
-------------|-----------------------------
 Type        | Error
 Date        | Thu Dec 25 2014 16:54:13 GMT+0800 (CST)
 File        | file:///js/codemirror.min.js
 Line Number | 8
 Message     | Uncaught TypeError: Object #<error> has no method 'indexOf'

 Information | Description 
-------------|-----------------------------
 Type        | Error
 Date        | Thu Dec 25 2014 16:54:14 GMT+0800 (CST)
 File        | file:///js/codemirror.min.js
 Line Number | 8
 Message     | Uncaught TypeError: Object #<error> has no method 'indexOf'

 Information | Description 
-------------|-----------------------------
 Type        | Error
 Date        | Thu Dec 25 2014 16:54:14 GMT+0800 (CST)
 File        | file:///js/codemirror.min.js
 Line Number | 8
 Message     | Uncaught TypeError: Object #<error> has no method 'indexOf'

 Information | Description 
-------------|-----------------------------
 Type        | Error
 Date        | Thu Dec 25 2014 16:54:14 GMT+0800 (CST)
 File        | file:///js/codemirror.min.js
 Line Number | 8
 Message     | Uncaught TypeError: Object #<error> has no method 'indexOf'

 Information | Description 
-------------|-----------------------------
 Type        | Error
 Date        | Thu Dec 25 2014 16:54:15 GMT+0800 (CST)
 File        | file:///js/codemirror.min.js
 Line Number | 8
 Message     | Uncaught TypeError: Object #<error> has no method 'indexOf'

 Information | Description 
-------------|-----------------------------
 Type        | Error
 Date        | Thu Dec 25 2014 16:54:15 GMT+0800 (CST)
 File        | file:///js/codemirror.min.js
 Line Number | 8
 Message     | Uncaught TypeError: Object #<error> has no method 'indexOf'

 Information | Description 
-------------|-----------------------------
 Type        | Error
 Date        | Thu Dec 25 2014 16:54:44 GMT+0800 (CST)
 File        | file:///js/codemirror.min.js
 Line Number | 8
 Message     | Uncaught TypeError: Object #<error> has no method 'indexOf'

 Information | Description 
-------------|-----------------------------
 Type        | Error
 Date        | Thu Dec 25 2014 17:01:02 GMT+0800 (CST)
 File        | file:///js/codemirror.min.js
 Line Number | 8
 Message     | Uncaught TypeError: Object #<error> has no method 'indexOf'

 Information | Description 
-------------|-----------------------------
 Type        | Error
 Date        | Thu Dec 25 2014 17:01:02 GMT+0800 (CST)
 File        | file:///js/codemirror.min.js
 Line Number | 8
 Message     | Uncaught TypeError: Object #<error> has no method 'indexOf'

 Information | Description 
-------------|-----------------------------
 Type        | Error
 Date        | Thu Dec 25 2014 17:01:03 GMT+0800 (CST)
 File        | file:///js/codemirror.min.js
 Line Number | 8
 Message     | Uncaught TypeError: Object #<error> has no method 'indexOf'

 Information | Description 
-------------|-----------------------------
 Type        | Error
 Date        | Thu Dec 25 2014 17:01:03 GMT+0800 (CST)
 File        | file:///js/codemirror.min.js
 Line Number | 8
 Message     | Uncaught TypeError: Object #<error> has no method 'indexOf'

 Information | Description 
-------------|-----------------------------
 Type        | Error
 Date        | Thu Dec 25 2014 17:01:07 GMT+0800 (CST)
 File        | file:///js/codemirror.min.js
 Line Number | 8
 Message     | Uncaught TypeError: Object #<error> has no method 'indexOf'

