VirtualBox XPCOM Server 4.3.26 r98988 linux.amd64 (Mar 16 2015 18:09:34) release log
00:00:00.022982 main     Log opened 2015-04-04T14:10:57.580041000Z
00:00:00.022984 main     Build Type: release
00:00:00.022987 main     OS Product: Linux
00:00:00.022988 main     OS Release: 3.16.0-33-generic
00:00:00.022989 main     OS Version: #44-Ubuntu SMP Thu Mar 12 12:19:35 UTC 2015
00:00:00.023019 main     DMI Product Name: System Product Name
00:00:00.023029 main     DMI Product Version: System Version
00:00:00.023110 main     Host RAM: 2000MB total, 677MB available
00:00:00.023114 main     Executable: /usr/lib/virtualbox/VBoxSVC
00:00:00.023114 main     Process ID: 5166
00:00:00.023115 main     Package type: LINUX_64BITS_UBUNTU_13_04
00:00:00.190673 nspr-2   Loading settings file "/home/fighting/.config/VirtualBox/VirtualBox.xml" with version "1.12-linux"
00:00:00.195066 nspr-2   HostDnsMonitorProxy::notify
00:00:00.195089 nspr-2   HostDnsMonitorProxy: Host's DNS information updated:
00:00:00.195094 nspr-2     server 1: 127.0.1.1
00:00:00.195101 nspr-2     no search string entries
00:00:00.195105 nspr-2     no domain set
00:00:00.262293 nspr-2   VDInit finished
00:00:00.338053 nspr-2   Loading settings file "/home/fighting/VirtualBox VMs/XP/XP.vbox" with version "1.14-linux"
00:00:00.761139 nspr-4   ERROR [COM]: aRC=VBOX_E_OBJECT_NOT_FOUND (0x80bb0001) aIID={fafa4e17-1ee2-4905-a10e-fe7c18bf5554} aComponent={VirtualBox} aText={Could not find a registered machine named 'xp'}, preserve=false
00:00:00.800452 nspr-3   WARNING [COM]: aRC=NS_ERROR_FAILURE (0x80004005) aIID={93269330-48ca-4096-b4a2-1189df336267} aComponent={Host} aText={VirtualBox is not currently allowed to access USB devices.  You can change this by adding your user to the 'vboxusers' group.  Please see the user manual for a more detailed explanation}, preserve=true 
00:00:01.040711 nspr-2   WARNING [COM]: aRC=NS_ERROR_FAILURE (0x80004005) aIID={93269330-48ca-4096-b4a2-1189df336267} aComponent={Host} aText={VirtualBox is not currently allowed to access USB devices.  You can change this by adding your user to the 'vboxusers' group.  Please see the user manual for a more detailed explanation}, preserve=true 
00:00:01.042098 nspr-4   WARNING [COM]: aRC=NS_ERROR_FAILURE (0x80004005) aIID={93269330-48ca-4096-b4a2-1189df336267} aComponent={Host} aText={VirtualBox is not currently allowed to access USB devices.  You can change this by adding your user to the 'vboxusers' group.  Please see the user manual for a more detailed explanation}, preserve=true 
00:00:41.333529 nspr-2   WARNING [COM]: aRC=NS_ERROR_FAILURE (0x80004005) aIID={93269330-48ca-4096-b4a2-1189df336267} aComponent={Host} aText={VirtualBox is not currently allowed to access USB devices.  You can change this by adding your user to the 'vboxusers' group.  Please see the user manual for a more detailed explanation}, preserve=true 
00:00:41.334969 nspr-4   WARNING [COM]: aRC=NS_ERROR_FAILURE (0x80004005) aIID={93269330-48ca-4096-b4a2-1189df336267} aComponent={Host} aText={VirtualBox is not currently allowed to access USB devices.  You can change this by adding your user to the 'vboxusers' group.  Please see the user manual for a more detailed explanation}, preserve=true 
00:00:41.875317 nspr-2   WARNING [COM]: aRC=NS_ERROR_FAILURE (0x80004005) aIID={93269330-48ca-4096-b4a2-1189df336267} aComponent={Host} aText={VirtualBox is not currently allowed to access USB devices.  You can change this by adding your user to the 'vboxusers' group.  Please see the user manual for a more detailed explanation}, preserve=true 
00:00:41.878075 nspr-3   WARNING [COM]: aRC=NS_ERROR_FAILURE (0x80004005) aIID={93269330-48ca-4096-b4a2-1189df336267} aComponent={Host} aText={VirtualBox is not currently allowed to access USB devices.  You can change this by adding your user to the 'vboxusers' group.  Please see the user manual for a more detailed explanation}, preserve=true 
00:00:41.882217 nspr-2   WARNING [COM]: aRC=NS_ERROR_FAILURE (0x80004005) aIID={93269330-48ca-4096-b4a2-1189df336267} aComponent={Host} aText={VirtualBox is not currently allowed to access USB devices.  You can change this by adding your user to the 'vboxusers' group.  Please see the user manual for a more detailed explanation}, preserve=true 
00:00:41.908369 nspr-4   WARNING [COM]: aRC=NS_ERROR_FAILURE (0x80004005) aIID={93269330-48ca-4096-b4a2-1189df336267} aComponent={Host} aText={VirtualBox is not currently allowed to access USB devices.  You can change this by adding your user to the 'vboxusers' group.  Please see the user manual for a more detailed explanation}, preserve=true 
00:00:41.923524 nspr-4   Load [/usr/lib/virtualbox/ExtensionPacks/Oracle_VM_VirtualBox_Extension_Pack/linux.amd64/VBoxHostWebcam.so] rc VINF_SUCCESS
00:00:41.930817 nspr-2   ERROR [COM]: aRC=VBOX_E_IPRT_ERROR (0x80bb0005) aIID={480cf695-2d8d-4256-9c7c-cce4184fa048} aComponent={SessionMachine} aText={Saved screenshot data is not available (VERR_NOT_SUPPORTED)}, preserve=false
00:00:41.933024 nspr-3   WARNING [COM]: aRC=NS_ERROR_FAILURE (0x80004005) aIID={93269330-48ca-4096-b4a2-1189df336267} aComponent={Host} aText={VirtualBox is not currently allowed to access USB devices.  You can change this by adding your user to the 'vboxusers' group.  Please see the user manual for a more detailed explanation}, preserve=true 
00:00:41.954512 nspr-2   WARNING [COM]: aRC=NS_ERROR_FAILURE (0x80004005) aIID={93269330-48ca-4096-b4a2-1189df336267} aComponent={Host} aText={VirtualBox is not currently allowed to access USB devices.  You can change this by adding your user to the 'vboxusers' group.  Please see the user manual for a more detailed explanation}, preserve=true 
00:00:44.331729 nspr-3   WARNING [COM]: aRC=NS_ERROR_FAILURE (0x80004005) aIID={93269330-48ca-4096-b4a2-1189df336267} aComponent={Host} aText={VirtualBox is not currently allowed to access USB devices.  You can change this by adding your user to the 'vboxusers' group.  Please see the user manual for a more detailed explanation}, preserve=true 
00:00:49.256357 nspr-4   WARNING [COM]: aRC=NS_ERROR_FAILURE (0x80004005) aIID={93269330-48ca-4096-b4a2-1189df336267} aComponent={Host} aText={VirtualBox is not currently allowed to access USB devices.  You can change this by adding your user to the 'vboxusers' group.  Please see the user manual for a more detailed explanation}, preserve=true 
00:00:49.257704 nspr-2   WARNING [COM]: aRC=NS_ERROR_FAILURE (0x80004005) aIID={93269330-48ca-4096-b4a2-1189df336267} aComponent={Host} aText={VirtualBox is not currently allowed to access USB devices.  You can change this by adding your user to the 'vboxusers' group.  Please see the user manual for a more detailed explanation}, preserve=true 
00:00:49.314496 nspr-2   WARNING [COM]: aRC=NS_ERROR_FAILURE (0x80004005) aIID={93269330-48ca-4096-b4a2-1189df336267} aComponent={Host} aText={VirtualBox is not currently allowed to access USB devices.  You can change this by adding your user to the 'vboxusers' group.  Please see the user manual for a more detailed explanation}, preserve=true 
00:00:50.197615 nspr-3   WARNING [COM]: aRC=NS_ERROR_FAILURE (0x80004005) aIID={93269330-48ca-4096-b4a2-1189df336267} aComponent={Host} aText={VirtualBox is not currently allowed to access USB devices.  You can change this by adding your user to the 'vboxusers' group.  Please see the user manual for a more detailed explanation}, preserve=true 
00:00:50.198989 nspr-4   WARNING [COM]: aRC=NS_ERROR_FAILURE (0x80004005) aIID={93269330-48ca-4096-b4a2-1189df336267} aComponent={Host} aText={VirtualBox is not currently allowed to access USB devices.  You can change this by adding your user to the 'vboxusers' group.  Please see the user manual for a more detailed explanation}, preserve=true 
00:01:15.955131 nspr-2   WARNING [COM]: aRC=NS_ERROR_FAILURE (0x80004005) aIID={93269330-48ca-4096-b4a2-1189df336267} aComponent={Host} aText={VirtualBox is not currently allowed to access USB devices.  You can change this by adding your user to the 'vboxusers' group.  Please see the user manual for a more detailed explanation}, preserve=true 
00:01:15.956605 nspr-3   WARNING [COM]: aRC=NS_ERROR_FAILURE (0x80004005) aIID={93269330-48ca-4096-b4a2-1189df336267} aComponent={Host} aText={VirtualBox is not currently allowed to access USB devices.  You can change this by adding your user to the 'vboxusers' group.  Please see the user manual for a more detailed explanation}, preserve=true 
00:01:18.523624 nspr-2   WARNING [COM]: aRC=NS_ERROR_FAILURE (0x80004005) aIID={93269330-48ca-4096-b4a2-1189df336267} aComponent={Host} aText={VirtualBox is not currently allowed to access USB devices.  You can change this by adding your user to the 'vboxusers' group.  Please see the user manual for a more detailed explanation}, preserve=true 
00:01:18.524836 nspr-5   WARNING [COM]: aRC=NS_ERROR_FAILURE (0x80004005) aIID={93269330-48ca-4096-b4a2-1189df336267} aComponent={Host} aText={VirtualBox is not currently allowed to access USB devices.  You can change this by adding your user to the 'vboxusers' group.  Please see the user manual for a more detailed explanation}, preserve=true 
00:01:19.264153 nspr-3   WARNING [COM]: aRC=NS_ERROR_FAILURE (0x80004005) aIID={93269330-48ca-4096-b4a2-1189df336267} aComponent={Host} aText={VirtualBox is not currently allowed to access USB devices.  You can change this by adding your user to the 'vboxusers' group.  Please see the user manual for a more detailed explanation}, preserve=true 
00:01:19.265336 nspr-5   WARNING [COM]: aRC=NS_ERROR_FAILURE (0x80004005) aIID={93269330-48ca-4096-b4a2-1189df336267} aComponent={Host} aText={VirtualBox is not currently allowed to access USB devices.  You can change this by adding your user to the 'vboxusers' group.  Please see the user manual for a more detailed explanation}, preserve=true 
00:01:20.666228 nspr-4   WARNING [COM]: aRC=NS_ERROR_FAILURE (0x80004005) aIID={93269330-48ca-4096-b4a2-1189df336267} aComponent={Host} aText={VirtualBox is not currently allowed to access USB devices.  You can change this by adding your user to the 'vboxusers' group.  Please see the user manual for a more detailed explanation}, preserve=true 
00:01:20.667484 nspr-2   WARNING [COM]: aRC=NS_ERROR_FAILURE (0x80004005) aIID={93269330-48ca-4096-b4a2-1189df336267} aComponent={Host} aText={VirtualBox is not currently allowed to access USB devices.  You can change this by adding your user to the 'vboxusers' group.  Please see the user manual for a more detailed explanation}, preserve=true 
00:01:21.093650 nspr-5   WARNING [COM]: aRC=NS_ERROR_FAILURE (0x80004005) aIID={93269330-48ca-4096-b4a2-1189df336267} aComponent={Host} aText={VirtualBox is not currently allowed to access USB devices.  You can change this by adding your user to the 'vboxusers' group.  Please see the user manual for a more detailed explanation}, preserve=true 
00:01:21.100886 nspr-3   WARNING [COM]: aRC=NS_ERROR_FAILURE (0x80004005) aIID={93269330-48ca-4096-b4a2-1189df336267} aComponent={Host} aText={VirtualBox is not currently allowed to access USB devices.  You can change this by adding your user to the 'vboxusers' group.  Please see the user manual for a more detailed explanation}, preserve=true 
00:01:21.102218 nspr-2   WARNING [COM]: aRC=NS_ERROR_FAILURE (0x80004005) aIID={93269330-48ca-4096-b4a2-1189df336267} aComponent={Host} aText={VirtualBox is not currently allowed to access USB devices.  You can change this by adding your user to the 'vboxusers' group.  Please see the user manual for a more detailed explanation}, preserve=true 
00:01:21.111807 nspr-3   WARNING [COM]: aRC=NS_ERROR_FAILURE (0x80004005) aIID={93269330-48ca-4096-b4a2-1189df336267} aComponent={Host} aText={VirtualBox is not currently allowed to access USB devices.  You can change this by adding your user to the 'vboxusers' group.  Please see the user manual for a more detailed explanation}, preserve=true 
00:01:21.113813 nspr-3   Load [/usr/lib/virtualbox/ExtensionPacks/Oracle_VM_VirtualBox_Extension_Pack/linux.amd64/VBoxHostWebcam.so] rc VINF_SUCCESS
00:01:21.121239 nspr-5   ERROR [COM]: aRC=VBOX_E_IPRT_ERROR (0x80bb0005) aIID={480cf695-2d8d-4256-9c7c-cce4184fa048} aComponent={SessionMachine} aText={Saved screenshot data is not available (VERR_NOT_SUPPORTED)}, preserve=false
00:01:21.123561 nspr-4   WARNING [COM]: aRC=NS_ERROR_FAILURE (0x80004005) aIID={93269330-48ca-4096-b4a2-1189df336267} aComponent={Host} aText={VirtualBox is not currently allowed to access USB devices.  You can change this by adding your user to the 'vboxusers' group.  Please see the user manual for a more detailed explanation}, preserve=true 
00:01:21.143527 nspr-5   WARNING [COM]: aRC=NS_ERROR_FAILURE (0x80004005) aIID={93269330-48ca-4096-b4a2-1189df336267} aComponent={Host} aText={VirtualBox is not currently allowed to access USB devices.  You can change this by adding your user to the 'vboxusers' group.  Please see the user manual for a more detailed explanation}, preserve=true 
00:01:21.233563 nspr-3   WARNING [COM]: aRC=NS_ERROR_FAILURE (0x80004005) aIID={93269330-48ca-4096-b4a2-1189df336267} aComponent={Host} aText={VirtualBox is not currently allowed to access USB devices.  You can change this by adding your user to the 'vboxusers' group.  Please see the user manual for a more detailed explanation}, preserve=true 
00:01:21.275499 nspr-3   WARNING [COM]: aRC=NS_ERROR_FAILURE (0x80004005) aIID={93269330-48ca-4096-b4a2-1189df336267} aComponent={Host} aText={VirtualBox is not currently allowed to access USB devices.  You can change this by adding your user to the 'vboxusers' group.  Please see the user manual for a more detailed explanation}, preserve=true 
00:01:21.284150 nspr-5   WARNING [COM]: aRC=NS_ERROR_FAILURE (0x80004005) aIID={93269330-48ca-4096-b4a2-1189df336267} aComponent={Host} aText={VirtualBox is not currently allowed to access USB devices.  You can change this by adding your user to the 'vboxusers' group.  Please see the user manual for a more detailed explanation}, preserve=true 
00:01:21.542196 nspr-5   WARNING [COM]: aRC=NS_ERROR_FAILURE (0x80004005) aIID={93269330-48ca-4096-b4a2-1189df336267} aComponent={Host} aText={VirtualBox is not currently allowed to access USB devices.  You can change this by adding your user to the 'vboxusers' group.  Please see the user manual for a more detailed explanation}, preserve=true 
00:01:21.551168 nspr-4   WARNING [COM]: aRC=NS_ERROR_FAILURE (0x80004005) aIID={93269330-48ca-4096-b4a2-1189df336267} aComponent={Host} aText={VirtualBox is not currently allowed to access USB devices.  You can change this by adding your user to the 'vboxusers' group.  Please see the user manual for a more detailed explanation}, preserve=true 
00:01:29.158809 nspr-4   WARNING [COM]: aRC=NS_ERROR_FAILURE (0x80004005) aIID={93269330-48ca-4096-b4a2-1189df336267} aComponent={Host} aText={VirtualBox is not currently allowed to access USB devices.  You can change this by adding your user to the 'vboxusers' group.  Please see the user manual for a more detailed explanation}, preserve=true 
00:01:29.160309 nspr-3   WARNING [COM]: aRC=NS_ERROR_FAILURE (0x80004005) aIID={93269330-48ca-4096-b4a2-1189df336267} aComponent={Host} aText={VirtualBox is not currently allowed to access USB devices.  You can change this by adding your user to the 'vboxusers' group.  Please see the user manual for a more detailed explanation}, preserve=true 
00:01:30.705119 nspr-3   WARNING [COM]: aRC=NS_ERROR_FAILURE (0x80004005) aIID={93269330-48ca-4096-b4a2-1189df336267} aComponent={Host} aText={VirtualBox is not currently allowed to access USB devices.  You can change this by adding your user to the 'vboxusers' group.  Please see the user manual for a more detailed explanation}, preserve=true 
00:01:30.706791 nspr-3   WARNING [COM]: aRC=NS_ERROR_FAILURE (0x80004005) aIID={93269330-48ca-4096-b4a2-1189df336267} aComponent={Host} aText={VirtualBox is not currently allowed to access USB devices.  You can change this by adding your user to the 'vboxusers' group.  Please see the user manual for a more detailed explanation}, preserve=true 
00:01:30.996905 nspr-6   WARNING [COM]: aRC=NS_ERROR_FAILURE (0x80004005) aIID={93269330-48ca-4096-b4a2-1189df336267} aComponent={Host} aText={VirtualBox is not currently allowed to access USB devices.  You can change this by adding your user to the 'vboxusers' group.  Please see the user manual for a more detailed explanation}, preserve=true 
00:01:30.998648 nspr-6   WARNING [COM]: aRC=NS_ERROR_FAILURE (0x80004005) aIID={93269330-48ca-4096-b4a2-1189df336267} aComponent={Host} aText={VirtualBox is not currently allowed to access USB devices.  You can change this by adding your user to the 'vboxusers' group.  Please see the user manual for a more detailed explanation}, preserve=true 
00:01:34.945539 nspr-3   WARNING [COM]: aRC=NS_ERROR_FAILURE (0x80004005) aIID={93269330-48ca-4096-b4a2-1189df336267} aComponent={Host} aText={VirtualBox is not currently allowed to access USB devices.  You can change this by adding your user to the 'vboxusers' group.  Please see the user manual for a more detailed explanation}, preserve=true 
00:01:34.947615 nspr-3   WARNING [COM]: aRC=NS_ERROR_FAILURE (0x80004005) aIID={93269330-48ca-4096-b4a2-1189df336267} aComponent={Host} aText={VirtualBox is not currently allowed to access USB devices.  You can change this by adding your user to the 'vboxusers' group.  Please see the user manual for a more detailed explanation}, preserve=true 
00:01:36.710923 nspr-5   WARNING [COM]: aRC=NS_ERROR_FAILURE (0x80004005) aIID={93269330-48ca-4096-b4a2-1189df336267} aComponent={Host} aText={VirtualBox is not currently allowed to access USB devices.  You can change this by adding your user to the 'vboxusers' group.  Please see the user manual for a more detailed explanation}, preserve=true 
00:01:36.712639 nspr-5   WARNING [COM]: aRC=NS_ERROR_FAILURE (0x80004005) aIID={93269330-48ca-4096-b4a2-1189df336267} aComponent={Host} aText={VirtualBox is not currently allowed to access USB devices.  You can change this by adding your user to the 'vboxusers' group.  Please see the user manual for a more detailed explanation}, preserve=true 
00:02:01.723863 nspr-2   WARNING [COM]: aRC=NS_ERROR_FAILURE (0x80004005) aIID={93269330-48ca-4096-b4a2-1189df336267} aComponent={Host} aText={VirtualBox is not currently allowed to access USB devices.  You can change this by adding your user to the 'vboxusers' group.  Please see the user manual for a more detailed explanation}, preserve=true 
00:02:02.085127 nspr-5   ERROR [COM]: aRC=NS_ERROR_FAILURE (0x80004005) aIID={480cf695-2d8d-4256-9c7c-cce4184fa048} aComponent={Machine} aText={This machine does not have any snapshots}, preserve=false
00:02:02.135318 nspr-4   WARNING [COM]: aRC=NS_ERROR_FAILURE (0x80004005) aIID={93269330-48ca-4096-b4a2-1189df336267} aComponent={Host} aText={VirtualBox is not currently allowed to access USB devices.  You can change this by adding your user to the 'vboxusers' group.  Please see the user manual for a more detailed explanation}, preserve=true 
00:02:02.176563 nspr-5   WARNING [COM]: aRC=NS_ERROR_FAILURE (0x80004005) aIID={93269330-48ca-4096-b4a2-1189df336267} aComponent={Host} aText={VirtualBox is not currently allowed to access USB devices.  You can change this by adding your user to the 'vboxusers' group.  Please see the user manual for a more detailed explanation}, preserve=true 
00:02:02.178278 nspr-5   WARNING [COM]: aRC=NS_ERROR_FAILURE (0x80004005) aIID={93269330-48ca-4096-b4a2-1189df336267} aComponent={Host} aText={VirtualBox is not currently allowed to access USB devices.  You can change this by adding your user to the 'vboxusers' group.  Please see the user manual for a more detailed explanation}, preserve=true 
00:02:05.361815 nspr-6   WARNING [COM]: aRC=NS_ERROR_FAILURE (0x80004005) aIID={93269330-48ca-4096-b4a2-1189df336267} aComponent={Host} aText={VirtualBox is not currently allowed to access USB devices.  You can change this by adding your user to the 'vboxusers' group.  Please see the user manual for a more detailed explanation}, preserve=true 
00:02:05.363081 nspr-6   WARNING [COM]: aRC=NS_ERROR_FAILURE (0x80004005) aIID={93269330-48ca-4096-b4a2-1189df336267} aComponent={Host} aText={VirtualBox is not currently allowed to access USB devices.  You can change this by adding your user to the 'vboxusers' group.  Please see the user manual for a more detailed explanation}, preserve=true 
00:02:05.647172 nspr-2   WARNING [COM]: aRC=NS_ERROR_FAILURE (0x80004005) aIID={93269330-48ca-4096-b4a2-1189df336267} aComponent={Host} aText={VirtualBox is not currently allowed to access USB devices.  You can change this by adding your user to the 'vboxusers' group.  Please see the user manual for a more detailed explanation}, preserve=true 
00:02:05.648712 nspr-3   WARNING [COM]: aRC=NS_ERROR_FAILURE (0x80004005) aIID={93269330-48ca-4096-b4a2-1189df336267} aComponent={Host} aText={VirtualBox is not currently allowed to access USB devices.  You can change this by adding your user to the 'vboxusers' group.  Please see the user manual for a more detailed explanation}, preserve=true 
00:02:05.661081 nspr-2   WARNING [COM]: aRC=NS_ERROR_FAILURE (0x80004005) aIID={93269330-48ca-4096-b4a2-1189df336267} aComponent={Host} aText={VirtualBox is not currently allowed to access USB devices.  You can change this by adding your user to the 'vboxusers' group.  Please see the user manual for a more detailed explanation}, preserve=true 
00:02:05.674724 nspr-6   WARNING [COM]: aRC=NS_ERROR_FAILURE (0x80004005) aIID={93269330-48ca-4096-b4a2-1189df336267} aComponent={Host} aText={VirtualBox is not currently allowed to access USB devices.  You can change this by adding your user to the 'vboxusers' group.  Please see the user manual for a more detailed explanation}, preserve=true 
00:02:05.676706 nspr-5   Load [/usr/lib/virtualbox/ExtensionPacks/Oracle_VM_VirtualBox_Extension_Pack/linux.amd64/VBoxHostWebcam.so] rc VINF_SUCCESS
00:02:05.683050 nspr-4   ERROR [COM]: aRC=VBOX_E_IPRT_ERROR (0x80bb0005) aIID={480cf695-2d8d-4256-9c7c-cce4184fa048} aComponent={SessionMachine} aText={Saved screenshot data is not available (VERR_NOT_SUPPORTED)}, preserve=false
00:02:05.685043 nspr-3   WARNING [COM]: aRC=NS_ERROR_FAILURE (0x80004005) aIID={93269330-48ca-4096-b4a2-1189df336267} aComponent={Host} aText={VirtualBox is not currently allowed to access USB devices.  You can change this by adding your user to the 'vboxusers' group.  Please see the user manual for a more detailed explanation}, preserve=true 
00:02:05.700289 nspr-3   WARNING [COM]: aRC=NS_ERROR_FAILURE (0x80004005) aIID={93269330-48ca-4096-b4a2-1189df336267} aComponent={Host} aText={VirtualBox is not currently allowed to access USB devices.  You can change this by adding your user to the 'vboxusers' group.  Please see the user manual for a more detailed explanation}, preserve=true 
00:02:08.847305 nspr-5   WARNING [COM]: aRC=NS_ERROR_FAILURE (0x80004005) aIID={93269330-48ca-4096-b4a2-1189df336267} aComponent={Host} aText={VirtualBox is not currently allowed to access USB devices.  You can change this by adding your user to the 'vboxusers' group.  Please see the user manual for a more detailed explanation}, preserve=true 
00:02:12.278804 nspr-4   WARNING [COM]: aRC=NS_ERROR_FAILURE (0x80004005) aIID={93269330-48ca-4096-b4a2-1189df336267} aComponent={Host} aText={VirtualBox is not currently allowed to access USB devices.  You can change this by adding your user to the 'vboxusers' group.  Please see the user manual for a more detailed explanation}, preserve=true 
00:02:12.280922 nspr-3   WARNING [COM]: aRC=NS_ERROR_FAILURE (0x80004005) aIID={93269330-48ca-4096-b4a2-1189df336267} aComponent={Host} aText={VirtualBox is not currently allowed to access USB devices.  You can change this by adding your user to the 'vboxusers' group.  Please see the user manual for a more detailed explanation}, preserve=true 
00:02:12.282576 nspr-2   WARNING [COM]: aRC=NS_ERROR_FAILURE (0x80004005) aIID={93269330-48ca-4096-b4a2-1189df336267} aComponent={Host} aText={VirtualBox is not currently allowed to access USB devices.  You can change this by adding your user to the 'vboxusers' group.  Please see the user manual for a more detailed explanation}, preserve=true 
00:02:12.726992 nspr-6   WARNING [COM]: aRC=NS_ERROR_FAILURE (0x80004005) aIID={93269330-48ca-4096-b4a2-1189df336267} aComponent={Host} aText={VirtualBox is not currently allowed to access USB devices.  You can change this by adding your user to the 'vboxusers' group.  Please see the user manual for a more detailed explanation}, preserve=true 
00:02:12.728306 nspr-6   WARNING [COM]: aRC=NS_ERROR_FAILURE (0x80004005) aIID={93269330-48ca-4096-b4a2-1189df336267} aComponent={Host} aText={VirtualBox is not currently allowed to access USB devices.  You can change this by adding your user to the 'vboxusers' group.  Please see the user manual for a more detailed explanation}, preserve=true 
00:17:49.547699 nspr-3   Load [/usr/lib/virtualbox/ExtensionPacks/Oracle_VM_VirtualBox_Extension_Pack/linux.amd64/VBoxHostWebcam.so] rc VINF_SUCCESS
00:17:57.310252 nspr-4   WARNING [COM]: aRC=NS_ERROR_FAILURE (0x80004005) aIID={93269330-48ca-4096-b4a2-1189df336267} aComponent={Host} aText={VirtualBox is not currently allowed to access USB devices.  You can change this by adding your user to the 'vboxusers' group.  Please see the user manual for a more detailed explanation}, preserve=true 
00:17:57.374241 nspr-4   WARNING [COM]: aRC=NS_ERROR_FAILURE (0x80004005) aIID={93269330-48ca-4096-b4a2-1189df336267} aComponent={Host} aText={VirtualBox is not currently allowed to access USB devices.  You can change this by adding your user to the 'vboxusers' group.  Please see the user manual for a more detailed explanation}, preserve=true 
00:19:13.766584 nspr-5   Load [/usr/lib/virtualbox/ExtensionPacks/Oracle_VM_VirtualBox_Extension_Pack/linux.amd64/VBoxHostWebcam.so] rc VINF_SUCCESS
00:51:40.242557 nspr-6   WARNING [COM]: aRC=NS_ERROR_FAILURE (0x80004005) aIID={93269330-48ca-4096-b4a2-1189df336267} aComponent={Host} aText={VirtualBox is not currently allowed to access USB devices.  You can change this by adding your user to the 'vboxusers' group.  Please see the user manual for a more detailed explanation}, preserve=true 
00:51:44.197963 nspr-3   Load [/usr/lib/virtualbox/ExtensionPacks/Oracle_VM_VirtualBox_Extension_Pack/linux.amd64/VBoxHostWebcam.so] rc VINF_SUCCESS
00:51:45.502007 nspr-2   Load [/usr/lib/virtualbox/ExtensionPacks/Oracle_VM_VirtualBox_Extension_Pack/linux.amd64/VBoxHostWebcam.so] rc VINF_SUCCESS
00:51:45.756345 nspr-3   WARNING [COM]: aRC=NS_ERROR_FAILURE (0x80004005) aIID={93269330-48ca-4096-b4a2-1189df336267} aComponent={Host} aText={VirtualBox is not currently allowed to access USB devices.  You can change this by adding your user to the 'vboxusers' group.  Please see the user manual for a more detailed explanation}, preserve=true 
00:51:47.132896 nspr-6   Load [/usr/lib/virtualbox/ExtensionPacks/Oracle_VM_VirtualBox_Extension_Pack/linux.amd64/VBoxHostWebcam.so] rc VINF_SUCCESS
00:52:36.852430 nspr-2   WARNING [COM]: aRC=NS_ERROR_FAILURE (0x80004005) aIID={93269330-48ca-4096-b4a2-1189df336267} aComponent={Host} aText={VirtualBox is not currently allowed to access USB devices.  You can change this by adding your user to the 'vboxusers' group.  Please see the user manual for a more detailed explanation}, preserve=true 
00:52:40.702493 nspr-6   WARNING [COM]: aRC=NS_ERROR_FAILURE (0x80004005) aIID={93269330-48ca-4096-b4a2-1189df336267} aComponent={Host} aText={VirtualBox is not currently allowed to access USB devices.  You can change this by adding your user to the 'vboxusers' group.  Please see the user manual for a more detailed explanation}, preserve=true 
00:54:06.325062 nspr-2   WARNING [COM]: aRC=NS_ERROR_FAILURE (0x80004005) aIID={93269330-48ca-4096-b4a2-1189df336267} aComponent={Host} aText={VirtualBox is not currently allowed to access USB devices.  You can change this by adding your user to the 'vboxusers' group.  Please see the user manual for a more detailed explanation}, preserve=true 
00:54:06.524404 nspr-2   WARNING [COM]: aRC=NS_ERROR_FAILURE (0x80004005) aIID={93269330-48ca-4096-b4a2-1189df336267} aComponent={Host} aText={VirtualBox is not currently allowed to access USB devices.  You can change this by adding your user to the 'vboxusers' group.  Please see the user manual for a more detailed explanation}, preserve=true 
00:54:29.170534 nspr-6   WARNING [COM]: aRC=NS_ERROR_FAILURE (0x80004005) aIID={93269330-48ca-4096-b4a2-1189df336267} aComponent={Host} aText={VirtualBox is not currently allowed to access USB devices.  You can change this by adding your user to the 'vboxusers' group.  Please see the user manual for a more detailed explanation}, preserve=true 
00:54:29.171918 nspr-6   WARNING [COM]: aRC=NS_ERROR_FAILURE (0x80004005) aIID={93269330-48ca-4096-b4a2-1189df336267} aComponent={Host} aText={VirtualBox is not currently allowed to access USB devices.  You can change this by adding your user to the 'vboxusers' group.  Please see the user manual for a more detailed explanation}, preserve=true 
00:54:31.955006 nspr-3   WARNING [COM]: aRC=NS_ERROR_FAILURE (0x80004005) aIID={93269330-48ca-4096-b4a2-1189df336267} aComponent={Host} aText={VirtualBox is not currently allowed to access USB devices.  You can change this by adding your user to the 'vboxusers' group.  Please see the user manual for a more detailed explanation}, preserve=true 
00:54:31.957479 nspr-3   WARNING [COM]: aRC=NS_ERROR_FAILURE (0x80004005) aIID={93269330-48ca-4096-b4a2-1189df336267} aComponent={Host} aText={VirtualBox is not currently allowed to access USB devices.  You can change this by adding your user to the 'vboxusers' group.  Please see the user manual for a more detailed explanation}, preserve=true 
00:54:32.121591 nspr-2   WARNING [COM]: aRC=NS_ERROR_FAILURE (0x80004005) aIID={93269330-48ca-4096-b4a2-1189df336267} aComponent={Host} aText={VirtualBox is not currently allowed to access USB devices.  You can change this by adding your user to the 'vboxusers' group.  Please see the user manual for a more detailed explanation}, preserve=true 
00:54:32.122759 nspr-5   WARNING [COM]: aRC=NS_ERROR_FAILURE (0x80004005) aIID={93269330-48ca-4096-b4a2-1189df336267} aComponent={Host} aText={VirtualBox is not currently allowed to access USB devices.  You can change this by adding your user to the 'vboxusers' group.  Please see the user manual for a more detailed explanation}, preserve=true 
00:54:32.365949 nspr-6   WARNING [COM]: aRC=NS_ERROR_FAILURE (0x80004005) aIID={93269330-48ca-4096-b4a2-1189df336267} aComponent={Host} aText={VirtualBox is not currently allowed to access USB devices.  You can change this by adding your user to the 'vboxusers' group.  Please see the user manual for a more detailed explanation}, preserve=true 
00:54:32.367607 nspr-6   WARNING [COM]: aRC=NS_ERROR_FAILURE (0x80004005) aIID={93269330-48ca-4096-b4a2-1189df336267} aComponent={Host} aText={VirtualBox is not currently allowed to access USB devices.  You can change this by adding your user to the 'vboxusers' group.  Please see the user manual for a more detailed explanation}, preserve=true 
00:54:47.020984 main     ERROR [COM]: aRC=VBOX_E_OBJECT_IN_USE (0x80bb000c) aIID={05f2bbb6-a3a6-4fb9-9b49-6d0dda7142ac} aComponent={Medium} aText={Medium '/home/fighting/VirtualBox VMs/XP/XP.vdi' cannot be closed because it is still attached to 1 virtual machines}, preserve=false
00:54:47.053073 Watcher  ERROR [COM]: aRC=E_ACCESSDENIED (0x80070005) aIID={fafa4e17-1ee2-4905-a10e-fe7c18bf5554} aComponent={VirtualBox} aText={The object is not ready}, preserve=false
